[HGEMM 2024-01-14 21:44:07 1573354:1573354 main.cu:56 main] CUDA HGEMM start with 32 CPU processes on the 0-th GPU: NVIDIA GeForce RTX 4090
[HGEMM 2024-01-14 21:44:07 1573354:1573354 main.cu:62 main] CUDA driver version / runtime version: 12.3 / 12.3
[HGEMM 2024-01-14 21:44:07 1573354:1573354 main.cu:64 main] CUDA capability major/minor version number: 8.9
[HGEMM 2024-01-14 21:44:07 1573354:1573354 main.cu:65 main] 128 multiprocessors, 128 CUDA cores/MP: 16384 CUDA cores
[HGEMM 2024-01-14 21:44:07 1573354:1573354 main.cu:68 main] GPU max clock rate: 2595 MHz (2.59 GHz)
[HGEMM 2024-01-14 21:44:07 1573354:1573354 main.cu:70 main] Memory clock rate: 10501 MHz (10.50 GHz)
[HGEMM 2024-01-14 21:44:07 1573354:1573354 main.cu:72 main] Memory bus width: 384-bit
[HGEMM 2024-01-14 21:44:07 1573354:1573354 main.cu:73 main] Total amount of global memory: 24184 MBytes (25358630912 Bytes)
[HGEMM 2024-01-14 21:44:07 1573354:1573354 main.cu:75 main] Total amount of constant memory: 64 KBytes (65536 Bytes)
[HGEMM 2024-01-14 21:44:07 1573354:1573354 main.cu:77 main] Total amount of shared memory per block: 48 KBytes (49152 Bytes)
[HGEMM 2024-01-14 21:44:07 1573354:1573354 main.cu:79 main] Total shared memory per multiprocessor: 100 KBytes (102400 Bytes)
[HGEMM 2024-01-14 21:44:07 1573354:1573354 main.cu:81 main] L2 cache size: 73728 KBytes (75497472 Bytes)
[HGEMM 2024-01-14 21:44:07 1573354:1573354 main.cu:83 main] Total number of registers available per block: 65536
[HGEMM 2024-01-14 21:44:07 1573354:1573354 main.cu:84 main] Warp size: 32
[HGEMM 2024-01-14 21:44:07 1573354:1573354 main.cu:85 main] Max number of threads per multiprocessor: 1536
[HGEMM 2024-01-14 21:44:07 1573354:1573354 main.cu:86 main] Max number of threads per block: 1024
[HGEMM 2024-01-14 21:44:07 1573354:1573354 main.cu:87 main] Max dimension size of a thread block (x,y,z): (1024, 1024, 64)
[HGEMM 2024-01-14 21:44:07 1573354:1573354 main.cu:89 main] Max dimension size of a grid size (x,y,z): (2147483647, 65535, 65535)
[HGEMM 2024-01-14 21:44:07 1573354:1573354 main.cu:92 main] A (512 x 512) * B (512 x 512) = C (512 x 512)
[HGEMM 2024-01-14 21:44:07 1573354:1573354 main.cu:93 main] Profiling: enable wmma: 1, enable mma: 1, warmup iterations: 1, profiling iterations: 10, sleep duration: 100 ms, enable check: 0
[HGEMM 2024-01-14 21:44:07 1573354:1573354 matrix.h:37 Matrix] Matrix A: 512 * 512, cpu: 0x55e3b9d90760, gpu: 0x7f034ec00000
[HGEMM 2024-01-14 21:44:07 1573354:1573354 matrix.h:37 Matrix] Matrix B: 512 * 512, cpu: 0x55e3b9e10770, gpu: 0x7f034ec80000
[HGEMM 2024-01-14 21:44:07 1573354:1573354 matrix.h:37 Matrix] Matrix C: 512 * 512, cpu: 0x55e3b9e90a60, gpu: 0x7f034ed00000
[HGEMM 2024-01-14 21:44:07 1573354:1573354 matrix.h:37 Matrix] Matrix Base: 512 * 512, cpu: 0x55e3b9f10e60, gpu: 0x7f034ed80000
[HGEMM 2024-01-14 21:44:07 1573354:1573354 tester.h:72 evaluate] ----------------- Evaluating Cublas-Tensor-Op -----------------
[HGEMM 2024-01-14 21:44:07 1573354:1573354 tester.h:82 evaluate] Warm up time: 36.480 ms
[HGEMM 2024-01-14 21:44:07 1573354:1573354 tester.h:121 profile] Cublas-Tensor-Op exit, profiling time: 0.006 ms (100.00%), throughput: 47.663 TFLOPS (100.00%)
[HGEMM 2024-01-14 21:44:07 1573354:1573354 tester.h:72 evaluate] ----------------- Evaluating Wmma-Padding -----------------
[HGEMM 2024-01-14 21:44:07 1573354:1573354 wmma_padding.cu:187 initWmmaPadding] smem_max_size: 68 KBytes (69632 Bytes)
[HGEMM 2024-01-14 21:44:07 1573354:1573354 tester.h:82 evaluate] Warm up time: 0.584 ms
[HGEMM 2024-01-14 21:44:07 1573354:1573354 tester.h:121 profile] Wmma-Padding exit, profiling time: 0.025 ms (446.82%), throughput: 10.667 TFLOPS (22.38%)
[HGEMM 2024-01-14 21:44:07 1573354:1573354 tester.h:72 evaluate] ----------------- Evaluating Wmma-Async -----------------
[HGEMM 2024-01-14 21:44:07 1573354:1573354 wmma_async.cu:198 initWmmaAsync] smem_max_size: 68 KBytes (69632 Bytes)
[HGEMM 2024-01-14 21:44:07 1573354:1573354 tester.h:82 evaluate] Warm up time: 0.219 ms
[HGEMM 2024-01-14 21:44:07 1573354:1573354 tester.h:121 profile] Wmma-Async exit, profiling time: 0.026 ms (458.01%), throughput: 10.406 TFLOPS (21.83%)
[HGEMM 2024-01-14 21:44:07 1573354:1573354 tester.h:72 evaluate] ----------------- Evaluating Wmma-Async-Pg2s -----------------
[HGEMM 2024-01-14 21:44:07 1573354:1573354 wmma_async_pg2s.cu:273 initWmmaAsyncPg2s] smem_max_size: 68 KBytes (69632 Bytes)
[HGEMM 2024-01-14 21:44:07 1573354:1573354 tester.h:82 evaluate] Warm up time: 0.586 ms
[HGEMM 2024-01-14 21:44:07 1573354:1573354 tester.h:121 profile] Wmma-Async-Pg2s exit, profiling time: 0.021 ms (367.27%), throughput: 12.977 TFLOPS (27.23%)
[HGEMM 2024-01-14 21:44:07 1573354:1573354 tester.h:72 evaluate] ----------------- Evaluating Wmma-Async-Pg2s-Ps2r -----------------
[HGEMM 2024-01-14 21:44:08 1573354:1573354 wmma_async_pg2s_ps2r.cu:337 initWmmaAsyncPg2sPs2r] smem_max_size: 68 KBytes (69632 Bytes)
[HGEMM 2024-01-14 21:44:08 1573354:1573354 tester.h:82 evaluate] Warm up time: 0.390 ms
[HGEMM 2024-01-14 21:44:08 1573354:1573354 tester.h:121 profile] Wmma-Async-Pg2s-Ps2r exit, profiling time: 0.020 ms (363.64%), throughput: 13.107 TFLOPS (27.50%)
[HGEMM 2024-01-14 21:44:08 1573354:1573354 tester.h:72 evaluate] ----------------- Evaluating Wmma-Async-Stage2 -----------------
[HGEMM 2024-01-14 21:44:08 1573354:1573354 wmma_async_stage2.cu:366 initWmmaAsyncStage2] smem_max_size: 68 KBytes (69632 Bytes)
[HGEMM 2024-01-14 21:44:08 1573354:1573354 tester.h:82 evaluate] Warm up time: 0.605 ms
[HGEMM 2024-01-14 21:44:08 1573354:1573354 tester.h:121 profile] Wmma-Async-Stage2 exit, profiling time: 0.019 ms (339.72%), throughput: 14.030 TFLOPS (29.44%)
[HGEMM 2024-01-14 21:44:08 1573354:1573354 tester.h:72 evaluate] ----------------- Evaluating Wmma-Async-Stage3 -----------------
[HGEMM 2024-01-14 21:44:08 1573354:1573354 wmma_async_stage3.cu:444 initWmmaAsyncStage3] smem_max_size: 90 KBytes (92160 Bytes)
[HGEMM 2024-01-14 21:44:08 1573354:1573354 tester.h:82 evaluate] Warm up time: 0.754 ms
[HGEMM 2024-01-14 21:44:08 1573354:1573354 tester.h:121 profile] Wmma-Async-Stage3 exit, profiling time: 0.017 ms (305.45%), throughput: 15.604 TFLOPS (32.74%)
[HGEMM 2024-01-14 21:44:08 1573354:1573354 tester.h:72 evaluate] ----------------- Evaluating Mma-Permuted -----------------
[HGEMM 2024-01-14 21:44:08 1573354:1573354 mma_permuted.cu:215 initMmaPermuted] smem_max_size: 64 KBytes (65536 Bytes)
[HGEMM 2024-01-14 21:44:08 1573354:1573354 tester.h:82 evaluate] Warm up time: 0.526 ms
[HGEMM 2024-01-14 21:44:08 1573354:1573354 tester.h:121 profile] Mma-Permuted exit, profiling time: 0.025 ms (438.18%), throughput: 10.877 TFLOPS (22.82%)
[HGEMM 2024-01-14 21:44:08 1573354:1573354 tester.h:72 evaluate] ----------------- Evaluating Mma-Async -----------------
[HGEMM 2024-01-14 21:44:08 1573354:1573354 mma_async.cu:224 initMmaAsync] smem_max_size: 64 KBytes (65536 Bytes)
[HGEMM 2024-01-14 21:44:08 1573354:1573354 tester.h:82 evaluate] Warm up time: 0.577 ms
[HGEMM 2024-01-14 21:44:08 1573354:1573354 tester.h:121 profile] Mma-Async exit, profiling time: 0.027 ms (476.36%), throughput: 10.005 TFLOPS (20.99%)
[HGEMM 2024-01-14 21:44:08 1573354:1573354 tester.h:72 evaluate] ----------------- Evaluating Mma-Async-Pg2s -----------------
[HGEMM 2024-01-14 21:44:08 1573354:1573354 mma_async_pg2s.cu:314 initMmaAsyncPg2s] smem_max_size: 64 KBytes (65536 Bytes)
[HGEMM 2024-01-14 21:44:08 1573354:1573354 tester.h:82 evaluate] Warm up time: 0.584 ms
[HGEMM 2024-01-14 21:44:08 1573354:1573354 tester.h:121 profile] Mma-Async-Pg2s exit, profiling time: 0.020 ms (354.55%), throughput: 13.443 TFLOPS (28.21%)
[HGEMM 2024-01-14 21:44:08 1573354:1573354 tester.h:72 evaluate] ----------------- Evaluating Mma-Async-Pg2s-Ps2r -----------------
[HGEMM 2024-01-14 21:44:08 1573354:1573354 mma_async_pg2s_ps2r.cu:403 initMmaAsyncPg2sPs2r] smem_max_size: 64 KBytes (65536 Bytes)
[HGEMM 2024-01-14 21:44:08 1573354:1573354 tester.h:82 evaluate] Warm up time: 0.574 ms
[HGEMM 2024-01-14 21:44:08 1573354:1573354 tester.h:121 profile] Mma-Async-Pg2s-Ps2r exit, profiling time: 0.020 ms (349.09%), throughput: 13.653 TFLOPS (28.65%)
[HGEMM 2024-01-14 21:44:08 1573354:1573354 tester.h:72 evaluate] ----------------- Evaluating Mma-Async-Stage2 -----------------
[HGEMM 2024-01-14 21:44:08 1573354:1573354 mma_async_stage2.cu:438 initMmaAsyncStage2] smem_max_size: 64 KBytes (65536 Bytes)
[HGEMM 2024-01-14 21:44:08 1573354:1573354 tester.h:82 evaluate] Warm up time: 0.562 ms
[HGEMM 2024-01-14 21:44:08 1573354:1573354 tester.h:121 profile] Mma-Async-Stage2 exit, profiling time: 0.020 ms (347.27%), throughput: 13.725 TFLOPS (28.80%)
[HGEMM 2024-01-14 21:44:08 1573354:1573354 tester.h:72 evaluate] ----------------- Evaluating Mma-Async-Stage3 -----------------
[HGEMM 2024-01-14 21:44:08 1573354:1573354 mma_async_stage3.cu:533 initMmaAsyncStage3] smem_max_size: 72 KBytes (73728 Bytes)
[HGEMM 2024-01-14 21:44:08 1573354:1573354 tester.h:82 evaluate] Warm up time: 0.608 ms
[HGEMM 2024-01-14 21:44:08 1573354:1573354 tester.h:121 profile] Mma-Async-Stage3 exit, profiling time: 0.017 ms (301.70%), throughput: 15.798 TFLOPS (33.15%)
[HGEMM 2024-01-14 21:44:08 1573354:1573354 tester.h:72 evaluate] ----------------- Evaluating Mma-Async-Stage4 -----------------
[HGEMM 2024-01-14 21:44:08 1573354:1573354 mma_async_stage4.cu:628 initMmaAsyncStage4] smem_max_size: 96 KBytes (98304 Bytes)
[HGEMM 2024-01-14 21:44:08 1573354:1573354 tester.h:82 evaluate] Warm up time: 0.598 ms
[HGEMM 2024-01-14 21:44:08 1573354:1573354 tester.h:121 profile] Mma-Async-Stage4 exit, profiling time: 0.017 ms (301.19%), throughput: 15.825 TFLOPS (33.20%)
[HGEMM 2024-01-14 21:44:08 1573354:1573354 tester.h:72 evaluate] ----------------- Evaluating Mma-myKernel -----------------
[HGEMM 2024-01-14 21:44:09 1573354:1573354 mma_mykernel.cu:550 initmyKernel] smem_max_size: 96 KBytes (98304 Bytes)
[HGEMM 2024-01-14 21:44:09 1573354:1573354 tester.h:82 evaluate] Warm up time: 0.584 ms
[HGEMM 2024-01-14 21:44:09 1573354:1573354 tester.h:121 profile] Mma-myKernel exit, profiling time: 0.018 ms (310.80%), throughput: 15.336 TFLOPS (32.18%)
[HGEMM 2024-01-14 21:44:09 1573354:1573354 main.cu:130 main] Done
