[HGEMM 2024-01-14 21:47:53 1574104:1574104 main.cu:56 main] CUDA HGEMM start with 32 CPU processes on the 0-th GPU: NVIDIA GeForce RTX 4090
[HGEMM 2024-01-14 21:47:53 1574104:1574104 main.cu:62 main] CUDA driver version / runtime version: 12.3 / 12.3
[HGEMM 2024-01-14 21:47:53 1574104:1574104 main.cu:64 main] CUDA capability major/minor version number: 8.9
[HGEMM 2024-01-14 21:47:53 1574104:1574104 main.cu:65 main] 128 multiprocessors, 128 CUDA cores/MP: 16384 CUDA cores
[HGEMM 2024-01-14 21:47:53 1574104:1574104 main.cu:68 main] GPU max clock rate: 2595 MHz (2.59 GHz)
[HGEMM 2024-01-14 21:47:53 1574104:1574104 main.cu:70 main] Memory clock rate: 10501 MHz (10.50 GHz)
[HGEMM 2024-01-14 21:47:53 1574104:1574104 main.cu:72 main] Memory bus width: 384-bit
[HGEMM 2024-01-14 21:47:53 1574104:1574104 main.cu:73 main] Total amount of global memory: 24184 MBytes (25358630912 Bytes)
[HGEMM 2024-01-14 21:47:53 1574104:1574104 main.cu:75 main] Total amount of constant memory: 64 KBytes (65536 Bytes)
[HGEMM 2024-01-14 21:47:53 1574104:1574104 main.cu:77 main] Total amount of shared memory per block: 48 KBytes (49152 Bytes)
[HGEMM 2024-01-14 21:47:53 1574104:1574104 main.cu:79 main] Total shared memory per multiprocessor: 100 KBytes (102400 Bytes)
[HGEMM 2024-01-14 21:47:53 1574104:1574104 main.cu:81 main] L2 cache size: 73728 KBytes (75497472 Bytes)
[HGEMM 2024-01-14 21:47:53 1574104:1574104 main.cu:83 main] Total number of registers available per block: 65536
[HGEMM 2024-01-14 21:47:53 1574104:1574104 main.cu:84 main] Warp size: 32
[HGEMM 2024-01-14 21:47:53 1574104:1574104 main.cu:85 main] Max number of threads per multiprocessor: 1536
[HGEMM 2024-01-14 21:47:53 1574104:1574104 main.cu:86 main] Max number of threads per block: 1024
[HGEMM 2024-01-14 21:47:53 1574104:1574104 main.cu:87 main] Max dimension size of a thread block (x,y,z): (1024, 1024, 64)
[HGEMM 2024-01-14 21:47:53 1574104:1574104 main.cu:89 main] Max dimension size of a grid size (x,y,z): (2147483647, 65535, 65535)
[HGEMM 2024-01-14 21:47:53 1574104:1574104 main.cu:92 main] A (16384 x 16384) * B (16384 x 16384) = C (16384 x 16384)
[HGEMM 2024-01-14 21:47:53 1574104:1574104 main.cu:93 main] Profiling: enable wmma: 1, enable mma: 1, warmup iterations: 1, profiling iterations: 10, sleep duration: 100 ms, enable check: 0
[HGEMM 2024-01-14 21:47:59 1574104:1574104 matrix.h:37 Matrix] Matrix A: 16384 * 16384, cpu: 0x7fbd1ffff010, gpu: 0x7fbcfe000000
[HGEMM 2024-01-14 21:48:05 1574104:1574104 matrix.h:37 Matrix] Matrix B: 16384 * 16384, cpu: 0x7fbcddfff010, gpu: 0x7fbcbc000000
[HGEMM 2024-01-14 21:48:11 1574104:1574104 matrix.h:37 Matrix] Matrix C: 16384 * 16384, cpu: 0x7fbc9bfff010, gpu: 0x7fbc7a000000
[HGEMM 2024-01-14 21:48:17 1574104:1574104 matrix.h:37 Matrix] Matrix Base: 16384 * 16384, cpu: 0x7fbc59fff010, gpu: 0x7fbc38000000
[HGEMM 2024-01-14 21:48:17 1574104:1574104 tester.h:72 evaluate] ----------------- Evaluating Cublas-Tensor-Op -----------------
[HGEMM 2024-01-14 21:48:17 1574104:1574104 tester.h:82 evaluate] Warm up time: 49.985 ms
[HGEMM 2024-01-14 21:48:18 1574104:1574104 tester.h:121 profile] Cublas-Tensor-Op exit, profiling time: 31.504 ms (100.00%), throughput: 279.205 TFLOPS (100.00%)
[HGEMM 2024-01-14 21:48:18 1574104:1574104 tester.h:72 evaluate] ----------------- Evaluating Wmma-Padding -----------------
[HGEMM 2024-01-14 21:48:18 1574104:1574104 wmma_padding.cu:187 initWmmaPadding] smem_max_size: 68 KBytes (69632 Bytes)
[HGEMM 2024-01-14 21:48:18 1574104:1574104 tester.h:82 evaluate] Warm up time: 53.532 ms
[HGEMM 2024-01-14 21:48:18 1574104:1574104 tester.h:121 profile] Wmma-Padding exit, profiling time: 53.355 ms (169.36%), throughput: 164.858 TFLOPS (59.05%)
[HGEMM 2024-01-14 21:48:18 1574104:1574104 tester.h:72 evaluate] ----------------- Evaluating Wmma-Async -----------------
[HGEMM 2024-01-14 21:48:19 1574104:1574104 wmma_async.cu:198 initWmmaAsync] smem_max_size: 68 KBytes (69632 Bytes)
[HGEMM 2024-01-14 21:48:19 1574104:1574104 tester.h:82 evaluate] Warm up time: 47.020 ms
[HGEMM 2024-01-14 21:48:19 1574104:1574104 tester.h:121 profile] Wmma-Async exit, profiling time: 48.326 ms (153.39%), throughput: 182.018 TFLOPS (65.19%)
[HGEMM 2024-01-14 21:48:19 1574104:1574104 tester.h:72 evaluate] ----------------- Evaluating Wmma-Async-Pg2s -----------------
[HGEMM 2024-01-14 21:48:19 1574104:1574104 wmma_async_pg2s.cu:273 initWmmaAsyncPg2s] smem_max_size: 68 KBytes (69632 Bytes)
[HGEMM 2024-01-14 21:48:19 1574104:1574104 tester.h:82 evaluate] Warm up time: 41.122 ms
[HGEMM 2024-01-14 21:48:20 1574104:1574104 tester.h:121 profile] Wmma-Async-Pg2s exit, profiling time: 42.856 ms (136.03%), throughput: 205.247 TFLOPS (73.51%)
[HGEMM 2024-01-14 21:48:20 1574104:1574104 tester.h:72 evaluate] ----------------- Evaluating Wmma-Async-Pg2s-Ps2r -----------------
[HGEMM 2024-01-14 21:48:20 1574104:1574104 wmma_async_pg2s_ps2r.cu:337 initWmmaAsyncPg2sPs2r] smem_max_size: 68 KBytes (69632 Bytes)
[HGEMM 2024-01-14 21:48:20 1574104:1574104 tester.h:82 evaluate] Warm up time: 40.430 ms
[HGEMM 2024-01-14 21:48:20 1574104:1574104 tester.h:121 profile] Wmma-Async-Pg2s-Ps2r exit, profiling time: 42.688 ms (135.50%), throughput: 206.056 TFLOPS (73.80%)
[HGEMM 2024-01-14 21:48:20 1574104:1574104 tester.h:72 evaluate] ----------------- Evaluating Wmma-Async-Stage2 -----------------
[HGEMM 2024-01-14 21:48:20 1574104:1574104 wmma_async_stage2.cu:366 initWmmaAsyncStage2] smem_max_size: 68 KBytes (69632 Bytes)
[HGEMM 2024-01-14 21:48:20 1574104:1574104 tester.h:82 evaluate] Warm up time: 40.814 ms
[HGEMM 2024-01-14 21:48:21 1574104:1574104 tester.h:121 profile] Wmma-Async-Stage2 exit, profiling time: 42.768 ms (135.76%), throughput: 205.668 TFLOPS (73.66%)
[HGEMM 2024-01-14 21:48:21 1574104:1574104 tester.h:72 evaluate] ----------------- Evaluating Wmma-Async-Stage3 -----------------
[HGEMM 2024-01-14 21:48:21 1574104:1574104 wmma_async_stage3.cu:444 initWmmaAsyncStage3] smem_max_size: 90 KBytes (92160 Bytes)
[HGEMM 2024-01-14 21:48:21 1574104:1574104 tester.h:82 evaluate] Warm up time: 40.173 ms
[HGEMM 2024-01-14 21:48:21 1574104:1574104 tester.h:121 profile] Wmma-Async-Stage3 exit, profiling time: 42.395 ms (134.57%), throughput: 207.482 TFLOPS (74.31%)
[HGEMM 2024-01-14 21:48:21 1574104:1574104 tester.h:72 evaluate] ----------------- Evaluating Mma-Permuted -----------------
[HGEMM 2024-01-14 21:48:21 1574104:1574104 mma_permuted.cu:215 initMmaPermuted] smem_max_size: 64 KBytes (65536 Bytes)
[HGEMM 2024-01-14 21:48:22 1574104:1574104 tester.h:82 evaluate] Warm up time: 52.125 ms
[HGEMM 2024-01-14 21:48:22 1574104:1574104 tester.h:121 profile] Mma-Permuted exit, profiling time: 52.348 ms (166.16%), throughput: 168.030 TFLOPS (60.18%)
[HGEMM 2024-01-14 21:48:22 1574104:1574104 tester.h:72 evaluate] ----------------- Evaluating Mma-Async -----------------
[HGEMM 2024-01-14 21:48:22 1574104:1574104 mma_async.cu:224 initMmaAsync] smem_max_size: 64 KBytes (65536 Bytes)
[HGEMM 2024-01-14 21:48:22 1574104:1574104 tester.h:82 evaluate] Warm up time: 47.541 ms
[HGEMM 2024-01-14 21:48:23 1574104:1574104 tester.h:121 profile] Mma-Async exit, profiling time: 48.542 ms (154.08%), throughput: 181.206 TFLOPS (64.90%)
[HGEMM 2024-01-14 21:48:23 1574104:1574104 tester.h:72 evaluate] ----------------- Evaluating Mma-Async-Pg2s -----------------
[HGEMM 2024-01-14 21:48:23 1574104:1574104 mma_async_pg2s.cu:314 initMmaAsyncPg2s] smem_max_size: 64 KBytes (65536 Bytes)
[HGEMM 2024-01-14 21:48:23 1574104:1574104 tester.h:82 evaluate] Warm up time: 37.220 ms
[HGEMM 2024-01-14 21:48:23 1574104:1574104 tester.h:121 profile] Mma-Async-Pg2s exit, profiling time: 39.668 ms (125.92%), throughput: 221.741 TFLOPS (79.42%)
[HGEMM 2024-01-14 21:48:23 1574104:1574104 tester.h:72 evaluate] ----------------- Evaluating Mma-Async-Pg2s-Ps2r -----------------
[HGEMM 2024-01-14 21:48:23 1574104:1574104 mma_async_pg2s_ps2r.cu:403 initMmaAsyncPg2sPs2r] smem_max_size: 64 KBytes (65536 Bytes)
[HGEMM 2024-01-14 21:48:23 1574104:1574104 tester.h:82 evaluate] Warm up time: 36.623 ms
[HGEMM 2024-01-14 21:48:24 1574104:1574104 tester.h:121 profile] Mma-Async-Pg2s-Ps2r exit, profiling time: 38.993 ms (123.77%), throughput: 225.583 TFLOPS (80.79%)
[HGEMM 2024-01-14 21:48:24 1574104:1574104 tester.h:72 evaluate] ----------------- Evaluating Mma-Async-Stage2 -----------------
[HGEMM 2024-01-14 21:48:24 1574104:1574104 mma_async_stage2.cu:438 initMmaAsyncStage2] smem_max_size: 64 KBytes (65536 Bytes)
[HGEMM 2024-01-14 21:48:24 1574104:1574104 tester.h:82 evaluate] Warm up time: 41.728 ms
[HGEMM 2024-01-14 21:48:24 1574104:1574104 tester.h:121 profile] Mma-Async-Stage2 exit, profiling time: 44.076 ms (139.91%), throughput: 199.565 TFLOPS (71.48%)
[HGEMM 2024-01-14 21:48:24 1574104:1574104 tester.h:72 evaluate] ----------------- Evaluating Mma-Async-Stage3 -----------------
[HGEMM 2024-01-14 21:48:24 1574104:1574104 mma_async_stage3.cu:533 initMmaAsyncStage3] smem_max_size: 72 KBytes (73728 Bytes)
[HGEMM 2024-01-14 21:48:24 1574104:1574104 tester.h:82 evaluate] Warm up time: 35.841 ms
[HGEMM 2024-01-14 21:48:25 1574104:1574104 tester.h:121 profile] Mma-Async-Stage3 exit, profiling time: 38.073 ms (120.85%), throughput: 231.032 TFLOPS (82.75%)
[HGEMM 2024-01-14 21:48:25 1574104:1574104 tester.h:72 evaluate] ----------------- Evaluating Mma-Async-Stage4 -----------------
[HGEMM 2024-01-14 21:48:25 1574104:1574104 mma_async_stage4.cu:628 initMmaAsyncStage4] smem_max_size: 96 KBytes (98304 Bytes)
[HGEMM 2024-01-14 21:48:25 1574104:1574104 tester.h:82 evaluate] Warm up time: 35.954 ms
[HGEMM 2024-01-14 21:48:25 1574104:1574104 tester.h:121 profile] Mma-Async-Stage4 exit, profiling time: 38.092 ms (120.91%), throughput: 230.916 TFLOPS (82.70%)
[HGEMM 2024-01-14 21:48:25 1574104:1574104 tester.h:72 evaluate] ----------------- Evaluating Mma-myKernel -----------------
[HGEMM 2024-01-14 21:48:25 1574104:1574104 mma_mykernel.cu:550 initmyKernel] smem_max_size: 96 KBytes (98304 Bytes)
[HGEMM 2024-01-14 21:48:26 1574104:1574104 tester.h:82 evaluate] Warm up time: 35.957 ms
[HGEMM 2024-01-14 21:48:26 1574104:1574104 tester.h:121 profile] Mma-myKernel exit, profiling time: 37.884 ms (120.25%), throughput: 232.183 TFLOPS (83.16%)
[HGEMM 2024-01-14 21:48:26 1574104:1574104 main.cu:130 main] Done
