[HGEMM 2024-01-14 21:45:08 1573710:1573710 main.cu:56 main] CUDA HGEMM start with 32 CPU processes on the 0-th GPU: NVIDIA GeForce RTX 4090
[HGEMM 2024-01-14 21:45:08 1573710:1573710 main.cu:62 main] CUDA driver version / runtime version: 12.3 / 12.3
[HGEMM 2024-01-14 21:45:08 1573710:1573710 main.cu:64 main] CUDA capability major/minor version number: 8.9
[HGEMM 2024-01-14 21:45:08 1573710:1573710 main.cu:65 main] 128 multiprocessors, 128 CUDA cores/MP: 16384 CUDA cores
[HGEMM 2024-01-14 21:45:08 1573710:1573710 main.cu:68 main] GPU max clock rate: 2595 MHz (2.59 GHz)
[HGEMM 2024-01-14 21:45:08 1573710:1573710 main.cu:70 main] Memory clock rate: 10501 MHz (10.50 GHz)
[HGEMM 2024-01-14 21:45:08 1573710:1573710 main.cu:72 main] Memory bus width: 384-bit
[HGEMM 2024-01-14 21:45:08 1573710:1573710 main.cu:73 main] Total amount of global memory: 24184 MBytes (25358630912 Bytes)
[HGEMM 2024-01-14 21:45:08 1573710:1573710 main.cu:75 main] Total amount of constant memory: 64 KBytes (65536 Bytes)
[HGEMM 2024-01-14 21:45:08 1573710:1573710 main.cu:77 main] Total amount of shared memory per block: 48 KBytes (49152 Bytes)
[HGEMM 2024-01-14 21:45:08 1573710:1573710 main.cu:79 main] Total shared memory per multiprocessor: 100 KBytes (102400 Bytes)
[HGEMM 2024-01-14 21:45:08 1573710:1573710 main.cu:81 main] L2 cache size: 73728 KBytes (75497472 Bytes)
[HGEMM 2024-01-14 21:45:08 1573710:1573710 main.cu:83 main] Total number of registers available per block: 65536
[HGEMM 2024-01-14 21:45:08 1573710:1573710 main.cu:84 main] Warp size: 32
[HGEMM 2024-01-14 21:45:08 1573710:1573710 main.cu:85 main] Max number of threads per multiprocessor: 1536
[HGEMM 2024-01-14 21:45:08 1573710:1573710 main.cu:86 main] Max number of threads per block: 1024
[HGEMM 2024-01-14 21:45:08 1573710:1573710 main.cu:87 main] Max dimension size of a thread block (x,y,z): (1024, 1024, 64)
[HGEMM 2024-01-14 21:45:08 1573710:1573710 main.cu:89 main] Max dimension size of a grid size (x,y,z): (2147483647, 65535, 65535)
[HGEMM 2024-01-14 21:45:08 1573710:1573710 main.cu:92 main] A (8192 x 8192) * B (8192 x 8192) = C (8192 x 8192)
[HGEMM 2024-01-14 21:45:08 1573710:1573710 main.cu:93 main] Profiling: enable wmma: 1, enable mma: 1, warmup iterations: 1, profiling iterations: 10, sleep duration: 100 ms, enable check: 0
[HGEMM 2024-01-14 21:45:10 1573710:1573710 matrix.h:37 Matrix] Matrix A: 8192 * 8192, cpu: 0x7f7f0ffff010, gpu: 0x7f7f06000000
[HGEMM 2024-01-14 21:45:11 1573710:1573710 matrix.h:37 Matrix] Matrix B: 8192 * 8192, cpu: 0x7f7efdfff010, gpu: 0x7f7ef4000000
[HGEMM 2024-01-14 21:45:13 1573710:1573710 matrix.h:37 Matrix] Matrix C: 8192 * 8192, cpu: 0x7f7eebfff010, gpu: 0x7f7ee2000000
[HGEMM 2024-01-14 21:45:15 1573710:1573710 matrix.h:37 Matrix] Matrix Base: 8192 * 8192, cpu: 0x7f7ed9fff010, gpu: 0x7f7ed0000000
[HGEMM 2024-01-14 21:45:15 1573710:1573710 tester.h:72 evaluate] ----------------- Evaluating Cublas-Tensor-Op -----------------
[HGEMM 2024-01-14 21:45:15 1573710:1573710 tester.h:82 evaluate] Warm up time: 29.495 ms
[HGEMM 2024-01-14 21:45:15 1573710:1573710 tester.h:121 profile] Cublas-Tensor-Op exit, profiling time: 4.185 ms (100.00%), throughput: 262.721 TFLOPS (100.00%)
[HGEMM 2024-01-14 21:45:15 1573710:1573710 tester.h:72 evaluate] ----------------- Evaluating Wmma-Padding -----------------
[HGEMM 2024-01-14 21:45:15 1573710:1573710 wmma_padding.cu:187 initWmmaPadding] smem_max_size: 68 KBytes (69632 Bytes)
[HGEMM 2024-01-14 21:45:15 1573710:1573710 tester.h:82 evaluate] Warm up time: 6.957 ms
[HGEMM 2024-01-14 21:45:15 1573710:1573710 tester.h:121 profile] Wmma-Padding exit, profiling time: 6.599 ms (157.69%), throughput: 166.606 TFLOPS (63.42%)
[HGEMM 2024-01-14 21:45:15 1573710:1573710 tester.h:72 evaluate] ----------------- Evaluating Wmma-Async -----------------
[HGEMM 2024-01-14 21:45:15 1573710:1573710 wmma_async.cu:198 initWmmaAsync] smem_max_size: 68 KBytes (69632 Bytes)
[HGEMM 2024-01-14 21:45:15 1573710:1573710 tester.h:82 evaluate] Warm up time: 6.293 ms
[HGEMM 2024-01-14 21:45:15 1573710:1573710 tester.h:121 profile] Wmma-Async exit, profiling time: 5.933 ms (141.75%), throughput: 185.336 TFLOPS (70.54%)
[HGEMM 2024-01-14 21:45:15 1573710:1573710 tester.h:72 evaluate] ----------------- Evaluating Wmma-Async-Pg2s -----------------
[HGEMM 2024-01-14 21:45:15 1573710:1573710 wmma_async_pg2s.cu:273 initWmmaAsyncPg2s] smem_max_size: 68 KBytes (69632 Bytes)
[HGEMM 2024-01-14 21:45:15 1573710:1573710 tester.h:82 evaluate] Warm up time: 5.437 ms
[HGEMM 2024-01-14 21:45:15 1573710:1573710 tester.h:121 profile] Wmma-Async-Pg2s exit, profiling time: 5.212 ms (124.54%), throughput: 210.960 TFLOPS (80.30%)
[HGEMM 2024-01-14 21:45:15 1573710:1573710 tester.h:72 evaluate] ----------------- Evaluating Wmma-Async-Pg2s-Ps2r -----------------
[HGEMM 2024-01-14 21:45:15 1573710:1573710 wmma_async_pg2s_ps2r.cu:337 initWmmaAsyncPg2sPs2r] smem_max_size: 68 KBytes (69632 Bytes)
[HGEMM 2024-01-14 21:45:15 1573710:1573710 tester.h:82 evaluate] Warm up time: 5.385 ms
[HGEMM 2024-01-14 21:45:15 1573710:1573710 tester.h:121 profile] Wmma-Async-Pg2s-Ps2r exit, profiling time: 5.206 ms (124.40%), throughput: 211.192 TFLOPS (80.39%)
[HGEMM 2024-01-14 21:45:15 1573710:1573710 tester.h:72 evaluate] ----------------- Evaluating Wmma-Async-Stage2 -----------------
[HGEMM 2024-01-14 21:45:15 1573710:1573710 wmma_async_stage2.cu:366 initWmmaAsyncStage2] smem_max_size: 68 KBytes (69632 Bytes)
[HGEMM 2024-01-14 21:45:15 1573710:1573710 tester.h:82 evaluate] Warm up time: 5.400 ms
[HGEMM 2024-01-14 21:45:15 1573710:1573710 tester.h:121 profile] Wmma-Async-Stage2 exit, profiling time: 5.100 ms (121.86%), throughput: 215.586 TFLOPS (82.06%)
[HGEMM 2024-01-14 21:45:15 1573710:1573710 tester.h:72 evaluate] ----------------- Evaluating Wmma-Async-Stage3 -----------------
[HGEMM 2024-01-14 21:45:16 1573710:1573710 wmma_async_stage3.cu:444 initWmmaAsyncStage3] smem_max_size: 90 KBytes (92160 Bytes)
[HGEMM 2024-01-14 21:45:16 1573710:1573710 tester.h:82 evaluate] Warm up time: 5.375 ms
[HGEMM 2024-01-14 21:45:16 1573710:1573710 tester.h:121 profile] Wmma-Async-Stage3 exit, profiling time: 4.987 ms (119.17%), throughput: 220.467 TFLOPS (83.92%)
[HGEMM 2024-01-14 21:45:16 1573710:1573710 tester.h:72 evaluate] ----------------- Evaluating Mma-Permuted -----------------
[HGEMM 2024-01-14 21:45:16 1573710:1573710 mma_permuted.cu:215 initMmaPermuted] smem_max_size: 64 KBytes (65536 Bytes)
[HGEMM 2024-01-14 21:45:16 1573710:1573710 tester.h:82 evaluate] Warm up time: 7.077 ms
[HGEMM 2024-01-14 21:45:16 1573710:1573710 tester.h:121 profile] Mma-Permuted exit, profiling time: 6.460 ms (154.36%), throughput: 170.200 TFLOPS (64.78%)
[HGEMM 2024-01-14 21:45:16 1573710:1573710 tester.h:72 evaluate] ----------------- Evaluating Mma-Async -----------------
[HGEMM 2024-01-14 21:45:16 1573710:1573710 mma_async.cu:224 initMmaAsync] smem_max_size: 64 KBytes (65536 Bytes)
[HGEMM 2024-01-14 21:45:16 1573710:1573710 tester.h:82 evaluate] Warm up time: 6.315 ms
[HGEMM 2024-01-14 21:45:16 1573710:1573710 tester.h:121 profile] Mma-Async exit, profiling time: 6.026 ms (143.98%), throughput: 182.467 TFLOPS (69.45%)
[HGEMM 2024-01-14 21:45:16 1573710:1573710 tester.h:72 evaluate] ----------------- Evaluating Mma-Async-Pg2s -----------------
[HGEMM 2024-01-14 21:45:16 1573710:1573710 mma_async_pg2s.cu:314 initMmaAsyncPg2s] smem_max_size: 64 KBytes (65536 Bytes)
[HGEMM 2024-01-14 21:45:16 1573710:1573710 tester.h:82 evaluate] Warm up time: 4.902 ms
[HGEMM 2024-01-14 21:45:16 1573710:1573710 tester.h:121 profile] Mma-Async-Pg2s exit, profiling time: 4.638 ms (110.81%), throughput: 237.087 TFLOPS (90.24%)
[HGEMM 2024-01-14 21:45:16 1573710:1573710 tester.h:72 evaluate] ----------------- Evaluating Mma-Async-Pg2s-Ps2r -----------------
[HGEMM 2024-01-14 21:45:16 1573710:1573710 mma_async_pg2s_ps2r.cu:403 initMmaAsyncPg2sPs2r] smem_max_size: 64 KBytes (65536 Bytes)
[HGEMM 2024-01-14 21:45:16 1573710:1573710 tester.h:82 evaluate] Warm up time: 4.893 ms
[HGEMM 2024-01-14 21:45:16 1573710:1573710 tester.h:121 profile] Mma-Async-Pg2s-Ps2r exit, profiling time: 4.673 ms (111.67%), throughput: 235.268 TFLOPS (89.55%)
[HGEMM 2024-01-14 21:45:16 1573710:1573710 tester.h:72 evaluate] ----------------- Evaluating Mma-Async-Stage2 -----------------
[HGEMM 2024-01-14 21:45:16 1573710:1573710 mma_async_stage2.cu:438 initMmaAsyncStage2] smem_max_size: 64 KBytes (65536 Bytes)
[HGEMM 2024-01-14 21:45:16 1573710:1573710 tester.h:82 evaluate] Warm up time: 5.527 ms
[HGEMM 2024-01-14 21:45:16 1573710:1573710 tester.h:121 profile] Mma-Async-Stage2 exit, profiling time: 5.247 ms (125.37%), throughput: 209.551 TFLOPS (79.76%)
[HGEMM 2024-01-14 21:45:16 1573710:1573710 tester.h:72 evaluate] ----------------- Evaluating Mma-Async-Stage3 -----------------
[HGEMM 2024-01-14 21:45:17 1573710:1573710 mma_async_stage3.cu:533 initMmaAsyncStage3] smem_max_size: 72 KBytes (73728 Bytes)
[HGEMM 2024-01-14 21:45:17 1573710:1573710 tester.h:82 evaluate] Warm up time: 4.764 ms
[HGEMM 2024-01-14 21:45:17 1573710:1573710 tester.h:121 profile] Mma-Async-Stage3 exit, profiling time: 4.377 ms (104.59%), throughput: 251.196 TFLOPS (95.61%)
[HGEMM 2024-01-14 21:45:17 1573710:1573710 tester.h:72 evaluate] ----------------- Evaluating Mma-Async-Stage4 -----------------
[HGEMM 2024-01-14 21:45:17 1573710:1573710 mma_async_stage4.cu:628 initMmaAsyncStage4] smem_max_size: 96 KBytes (98304 Bytes)
[HGEMM 2024-01-14 21:45:17 1573710:1573710 tester.h:82 evaluate] Warm up time: 4.662 ms
[HGEMM 2024-01-14 21:45:17 1573710:1573710 tester.h:121 profile] Mma-Async-Stage4 exit, profiling time: 4.474 ms (106.90%), throughput: 245.774 TFLOPS (93.55%)
[HGEMM 2024-01-14 21:45:17 1573710:1573710 tester.h:72 evaluate] ----------------- Evaluating Mma-myKernel -----------------
[HGEMM 2024-01-14 21:45:17 1573710:1573710 mma_mykernel.cu:550 initmyKernel] smem_max_size: 96 KBytes (98304 Bytes)
[HGEMM 2024-01-14 21:45:17 1573710:1573710 tester.h:82 evaluate] Warm up time: 4.712 ms
[HGEMM 2024-01-14 21:45:17 1573710:1573710 tester.h:121 profile] Mma-myKernel exit, profiling time: 4.354 ms (104.03%), throughput: 252.555 TFLOPS (96.13%)
[HGEMM 2024-01-14 21:45:17 1573710:1573710 main.cu:130 main] Done
