[HGEMM 2024-01-14 21:44:59 1573664:1573664 main.cu:56 main] CUDA HGEMM start with 32 CPU processes on the 0-th GPU: NVIDIA GeForce RTX 4090
[HGEMM 2024-01-14 21:44:59 1573664:1573664 main.cu:62 main] CUDA driver version / runtime version: 12.3 / 12.3
[HGEMM 2024-01-14 21:44:59 1573664:1573664 main.cu:64 main] CUDA capability major/minor version number: 8.9
[HGEMM 2024-01-14 21:44:59 1573664:1573664 main.cu:65 main] 128 multiprocessors, 128 CUDA cores/MP: 16384 CUDA cores
[HGEMM 2024-01-14 21:44:59 1573664:1573664 main.cu:68 main] GPU max clock rate: 2595 MHz (2.59 GHz)
[HGEMM 2024-01-14 21:44:59 1573664:1573664 main.cu:70 main] Memory clock rate: 10501 MHz (10.50 GHz)
[HGEMM 2024-01-14 21:44:59 1573664:1573664 main.cu:72 main] Memory bus width: 384-bit
[HGEMM 2024-01-14 21:44:59 1573664:1573664 main.cu:73 main] Total amount of global memory: 24184 MBytes (25358630912 Bytes)
[HGEMM 2024-01-14 21:44:59 1573664:1573664 main.cu:75 main] Total amount of constant memory: 64 KBytes (65536 Bytes)
[HGEMM 2024-01-14 21:44:59 1573664:1573664 main.cu:77 main] Total amount of shared memory per block: 48 KBytes (49152 Bytes)
[HGEMM 2024-01-14 21:44:59 1573664:1573664 main.cu:79 main] Total shared memory per multiprocessor: 100 KBytes (102400 Bytes)
[HGEMM 2024-01-14 21:44:59 1573664:1573664 main.cu:81 main] L2 cache size: 73728 KBytes (75497472 Bytes)
[HGEMM 2024-01-14 21:44:59 1573664:1573664 main.cu:83 main] Total number of registers available per block: 65536
[HGEMM 2024-01-14 21:44:59 1573664:1573664 main.cu:84 main] Warp size: 32
[HGEMM 2024-01-14 21:44:59 1573664:1573664 main.cu:85 main] Max number of threads per multiprocessor: 1536
[HGEMM 2024-01-14 21:44:59 1573664:1573664 main.cu:86 main] Max number of threads per block: 1024
[HGEMM 2024-01-14 21:44:59 1573664:1573664 main.cu:87 main] Max dimension size of a thread block (x,y,z): (1024, 1024, 64)
[HGEMM 2024-01-14 21:44:59 1573664:1573664 main.cu:89 main] Max dimension size of a grid size (x,y,z): (2147483647, 65535, 65535)
[HGEMM 2024-01-14 21:44:59 1573664:1573664 main.cu:92 main] A (7168 x 7168) * B (7168 x 7168) = C (7168 x 7168)
[HGEMM 2024-01-14 21:44:59 1573664:1573664 main.cu:93 main] Profiling: enable wmma: 1, enable mma: 1, warmup iterations: 1, profiling iterations: 10, sleep duration: 100 ms, enable check: 0
[HGEMM 2024-01-14 21:45:00 1573664:1573664 matrix.h:37 Matrix] Matrix A: 7168 * 7168, cpu: 0x7f3691dff010, gpu: 0x7f3688000000
[HGEMM 2024-01-14 21:45:01 1573664:1573664 matrix.h:37 Matrix] Matrix B: 7168 * 7168, cpu: 0x7f3681dff010, gpu: 0x7f3678000000
[HGEMM 2024-01-14 21:45:02 1573664:1573664 matrix.h:37 Matrix] Matrix C: 7168 * 7168, cpu: 0x7f3671dff010, gpu: 0x7f3668000000
[HGEMM 2024-01-14 21:45:03 1573664:1573664 matrix.h:37 Matrix] Matrix Base: 7168 * 7168, cpu: 0x7f3661dff010, gpu: 0x7f3658000000
[HGEMM 2024-01-14 21:45:03 1573664:1573664 tester.h:72 evaluate] ----------------- Evaluating Cublas-Tensor-Op -----------------
[HGEMM 2024-01-14 21:45:03 1573664:1573664 tester.h:82 evaluate] Warm up time: 27.862 ms
[HGEMM 2024-01-14 21:45:03 1573664:1573664 tester.h:121 profile] Cublas-Tensor-Op exit, profiling time: 2.796 ms (100.00%), throughput: 263.450 TFLOPS (100.00%)
[HGEMM 2024-01-14 21:45:03 1573664:1573664 tester.h:72 evaluate] ----------------- Evaluating Wmma-Padding -----------------
[HGEMM 2024-01-14 21:45:03 1573664:1573664 wmma_padding.cu:187 initWmmaPadding] smem_max_size: 68 KBytes (69632 Bytes)
[HGEMM 2024-01-14 21:45:03 1573664:1573664 tester.h:82 evaluate] Warm up time: 5.202 ms
[HGEMM 2024-01-14 21:45:04 1573664:1573664 tester.h:121 profile] Wmma-Padding exit, profiling time: 4.750 ms (169.89%), throughput: 155.067 TFLOPS (58.86%)
[HGEMM 2024-01-14 21:45:04 1573664:1573664 tester.h:72 evaluate] ----------------- Evaluating Wmma-Async -----------------
[HGEMM 2024-01-14 21:45:04 1573664:1573664 wmma_async.cu:198 initWmmaAsync] smem_max_size: 68 KBytes (69632 Bytes)
[HGEMM 2024-01-14 21:45:04 1573664:1573664 tester.h:82 evaluate] Warm up time: 4.645 ms
[HGEMM 2024-01-14 21:45:04 1573664:1573664 tester.h:121 profile] Wmma-Async exit, profiling time: 4.333 ms (154.98%), throughput: 169.988 TFLOPS (64.52%)
[HGEMM 2024-01-14 21:45:04 1573664:1573664 tester.h:72 evaluate] ----------------- Evaluating Wmma-Async-Pg2s -----------------
[HGEMM 2024-01-14 21:45:04 1573664:1573664 wmma_async_pg2s.cu:273 initWmmaAsyncPg2s] smem_max_size: 68 KBytes (69632 Bytes)
[HGEMM 2024-01-14 21:45:04 1573664:1573664 tester.h:82 evaluate] Warm up time: 3.918 ms
[HGEMM 2024-01-14 21:45:04 1573664:1573664 tester.h:121 profile] Wmma-Async-Pg2s exit, profiling time: 3.546 ms (126.83%), throughput: 207.717 TFLOPS (78.84%)
[HGEMM 2024-01-14 21:45:04 1573664:1573664 tester.h:72 evaluate] ----------------- Evaluating Wmma-Async-Pg2s-Ps2r -----------------
[HGEMM 2024-01-14 21:45:04 1573664:1573664 wmma_async_pg2s_ps2r.cu:337 initWmmaAsyncPg2sPs2r] smem_max_size: 68 KBytes (69632 Bytes)
[HGEMM 2024-01-14 21:45:04 1573664:1573664 tester.h:82 evaluate] Warm up time: 3.875 ms
[HGEMM 2024-01-14 21:45:04 1573664:1573664 tester.h:121 profile] Wmma-Async-Pg2s-Ps2r exit, profiling time: 3.535 ms (126.43%), throughput: 208.374 TFLOPS (79.09%)
[HGEMM 2024-01-14 21:45:04 1573664:1573664 tester.h:72 evaluate] ----------------- Evaluating Wmma-Async-Stage2 -----------------
[HGEMM 2024-01-14 21:45:04 1573664:1573664 wmma_async_stage2.cu:366 initWmmaAsyncStage2] smem_max_size: 68 KBytes (69632 Bytes)
[HGEMM 2024-01-14 21:45:04 1573664:1573664 tester.h:82 evaluate] Warm up time: 3.732 ms
[HGEMM 2024-01-14 21:45:04 1573664:1573664 tester.h:121 profile] Wmma-Async-Stage2 exit, profiling time: 3.514 ms (125.67%), throughput: 209.630 TFLOPS (79.57%)
[HGEMM 2024-01-14 21:45:04 1573664:1573664 tester.h:72 evaluate] ----------------- Evaluating Wmma-Async-Stage3 -----------------
[HGEMM 2024-01-14 21:45:04 1573664:1573664 wmma_async_stage3.cu:444 initWmmaAsyncStage3] smem_max_size: 90 KBytes (92160 Bytes)
[HGEMM 2024-01-14 21:45:04 1573664:1573664 tester.h:82 evaluate] Warm up time: 3.689 ms
[HGEMM 2024-01-14 21:45:04 1573664:1573664 tester.h:121 profile] Wmma-Async-Stage3 exit, profiling time: 3.333 ms (119.19%), throughput: 221.031 TFLOPS (83.90%)
[HGEMM 2024-01-14 21:45:04 1573664:1573664 tester.h:72 evaluate] ----------------- Evaluating Mma-Permuted -----------------
[HGEMM 2024-01-14 21:45:04 1573664:1573664 mma_permuted.cu:215 initMmaPermuted] smem_max_size: 64 KBytes (65536 Bytes)
[HGEMM 2024-01-14 21:45:04 1573664:1573664 tester.h:82 evaluate] Warm up time: 4.972 ms
[HGEMM 2024-01-14 21:45:04 1573664:1573664 tester.h:121 profile] Mma-Permuted exit, profiling time: 4.629 ms (165.55%), throughput: 159.136 TFLOPS (60.40%)
[HGEMM 2024-01-14 21:45:04 1573664:1573664 tester.h:72 evaluate] ----------------- Evaluating Mma-Async -----------------
[HGEMM 2024-01-14 21:45:04 1573664:1573664 mma_async.cu:224 initMmaAsync] smem_max_size: 64 KBytes (65536 Bytes)
[HGEMM 2024-01-14 21:45:04 1573664:1573664 tester.h:82 evaluate] Warm up time: 4.696 ms
[HGEMM 2024-01-14 21:45:05 1573664:1573664 tester.h:121 profile] Mma-Async exit, profiling time: 4.314 ms (154.30%), throughput: 170.744 TFLOPS (64.81%)
[HGEMM 2024-01-14 21:45:05 1573664:1573664 tester.h:72 evaluate] ----------------- Evaluating Mma-Async-Pg2s -----------------
[HGEMM 2024-01-14 21:45:05 1573664:1573664 mma_async_pg2s.cu:314 initMmaAsyncPg2s] smem_max_size: 64 KBytes (65536 Bytes)
[HGEMM 2024-01-14 21:45:05 1573664:1573664 tester.h:82 evaluate] Warm up time: 3.437 ms
[HGEMM 2024-01-14 21:45:05 1573664:1573664 tester.h:121 profile] Mma-Async-Pg2s exit, profiling time: 3.178 ms (113.65%), throughput: 231.800 TFLOPS (87.99%)
[HGEMM 2024-01-14 21:45:05 1573664:1573664 tester.h:72 evaluate] ----------------- Evaluating Mma-Async-Pg2s-Ps2r -----------------
[HGEMM 2024-01-14 21:45:05 1573664:1573664 mma_async_pg2s_ps2r.cu:403 initMmaAsyncPg2sPs2r] smem_max_size: 64 KBytes (65536 Bytes)
[HGEMM 2024-01-14 21:45:05 1573664:1573664 tester.h:82 evaluate] Warm up time: 3.509 ms
[HGEMM 2024-01-14 21:45:05 1573664:1573664 tester.h:121 profile] Mma-Async-Pg2s-Ps2r exit, profiling time: 3.139 ms (112.25%), throughput: 234.689 TFLOPS (89.08%)
[HGEMM 2024-01-14 21:45:05 1573664:1573664 tester.h:72 evaluate] ----------------- Evaluating Mma-Async-Stage2 -----------------
[HGEMM 2024-01-14 21:45:05 1573664:1573664 mma_async_stage2.cu:438 initMmaAsyncStage2] smem_max_size: 64 KBytes (65536 Bytes)
[HGEMM 2024-01-14 21:45:05 1573664:1573664 tester.h:82 evaluate] Warm up time: 3.852 ms
[HGEMM 2024-01-14 21:45:05 1573664:1573664 tester.h:121 profile] Mma-Async-Stage2 exit, profiling time: 3.603 ms (128.85%), throughput: 204.458 TFLOPS (77.61%)
[HGEMM 2024-01-14 21:45:05 1573664:1573664 tester.h:72 evaluate] ----------------- Evaluating Mma-Async-Stage3 -----------------
[HGEMM 2024-01-14 21:45:05 1573664:1573664 mma_async_stage3.cu:533 initMmaAsyncStage3] smem_max_size: 72 KBytes (73728 Bytes)
[HGEMM 2024-01-14 21:45:05 1573664:1573664 tester.h:82 evaluate] Warm up time: 3.374 ms
[HGEMM 2024-01-14 21:45:05 1573664:1573664 tester.h:121 profile] Mma-Async-Stage3 exit, profiling time: 2.982 ms (106.65%), throughput: 247.029 TFLOPS (93.77%)
[HGEMM 2024-01-14 21:45:05 1573664:1573664 tester.h:72 evaluate] ----------------- Evaluating Mma-Async-Stage4 -----------------
[HGEMM 2024-01-14 21:45:05 1573664:1573664 mma_async_stage4.cu:628 initMmaAsyncStage4] smem_max_size: 96 KBytes (98304 Bytes)
[HGEMM 2024-01-14 21:45:05 1573664:1573664 tester.h:82 evaluate] Warm up time: 3.317 ms
[HGEMM 2024-01-14 21:45:05 1573664:1573664 tester.h:121 profile] Mma-Async-Stage4 exit, profiling time: 2.909 ms (104.04%), throughput: 253.229 TFLOPS (96.12%)
[HGEMM 2024-01-14 21:45:05 1573664:1573664 tester.h:72 evaluate] ----------------- Evaluating Mma-myKernel -----------------
[HGEMM 2024-01-14 21:45:05 1573664:1573664 mma_mykernel.cu:550 initmyKernel] smem_max_size: 96 KBytes (98304 Bytes)
[HGEMM 2024-01-14 21:45:05 1573664:1573664 tester.h:82 evaluate] Warm up time: 3.329 ms
[HGEMM 2024-01-14 21:45:05 1573664:1573664 tester.h:121 profile] Mma-myKernel exit, profiling time: 2.879 ms (102.95%), throughput: 255.889 TFLOPS (97.13%)
[HGEMM 2024-01-14 21:45:05 1573664:1573664 main.cu:130 main] Done
