[HGEMM 2024-01-14 21:44:43 1573610:1573610 main.cu:56 main] CUDA HGEMM start with 32 CPU processes on the 0-th GPU: NVIDIA GeForce RTX 4090
[HGEMM 2024-01-14 21:44:43 1573610:1573610 main.cu:62 main] CUDA driver version / runtime version: 12.3 / 12.3
[HGEMM 2024-01-14 21:44:43 1573610:1573610 main.cu:64 main] CUDA capability major/minor version number: 8.9
[HGEMM 2024-01-14 21:44:43 1573610:1573610 main.cu:65 main] 128 multiprocessors, 128 CUDA cores/MP: 16384 CUDA cores
[HGEMM 2024-01-14 21:44:43 1573610:1573610 main.cu:68 main] GPU max clock rate: 2595 MHz (2.59 GHz)
[HGEMM 2024-01-14 21:44:43 1573610:1573610 main.cu:70 main] Memory clock rate: 10501 MHz (10.50 GHz)
[HGEMM 2024-01-14 21:44:43 1573610:1573610 main.cu:72 main] Memory bus width: 384-bit
[HGEMM 2024-01-14 21:44:43 1573610:1573610 main.cu:73 main] Total amount of global memory: 24184 MBytes (25358630912 Bytes)
[HGEMM 2024-01-14 21:44:43 1573610:1573610 main.cu:75 main] Total amount of constant memory: 64 KBytes (65536 Bytes)
[HGEMM 2024-01-14 21:44:43 1573610:1573610 main.cu:77 main] Total amount of shared memory per block: 48 KBytes (49152 Bytes)
[HGEMM 2024-01-14 21:44:43 1573610:1573610 main.cu:79 main] Total shared memory per multiprocessor: 100 KBytes (102400 Bytes)
[HGEMM 2024-01-14 21:44:43 1573610:1573610 main.cu:81 main] L2 cache size: 73728 KBytes (75497472 Bytes)
[HGEMM 2024-01-14 21:44:43 1573610:1573610 main.cu:83 main] Total number of registers available per block: 65536
[HGEMM 2024-01-14 21:44:43 1573610:1573610 main.cu:84 main] Warp size: 32
[HGEMM 2024-01-14 21:44:43 1573610:1573610 main.cu:85 main] Max number of threads per multiprocessor: 1536
[HGEMM 2024-01-14 21:44:43 1573610:1573610 main.cu:86 main] Max number of threads per block: 1024
[HGEMM 2024-01-14 21:44:43 1573610:1573610 main.cu:87 main] Max dimension size of a thread block (x,y,z): (1024, 1024, 64)
[HGEMM 2024-01-14 21:44:43 1573610:1573610 main.cu:89 main] Max dimension size of a grid size (x,y,z): (2147483647, 65535, 65535)
[HGEMM 2024-01-14 21:44:43 1573610:1573610 main.cu:92 main] A (5120 x 5120) * B (5120 x 5120) = C (5120 x 5120)
[HGEMM 2024-01-14 21:44:43 1573610:1573610 main.cu:93 main] Profiling: enable wmma: 1, enable mma: 1, warmup iterations: 1, profiling iterations: 10, sleep duration: 100 ms, enable check: 0
[HGEMM 2024-01-14 21:44:43 1573610:1573610 matrix.h:37 Matrix] Matrix A: 5120 * 5120, cpu: 0x7ff12cdff010, gpu: 0x7ff128000000
[HGEMM 2024-01-14 21:44:44 1573610:1573610 matrix.h:37 Matrix] Matrix B: 5120 * 5120, cpu: 0x7ff124dff010, gpu: 0x7ff120000000
[HGEMM 2024-01-14 21:44:45 1573610:1573610 matrix.h:37 Matrix] Matrix C: 5120 * 5120, cpu: 0x7ff11cdff010, gpu: 0x7ff118000000
[HGEMM 2024-01-14 21:44:45 1573610:1573610 matrix.h:37 Matrix] Matrix Base: 5120 * 5120, cpu: 0x7ff114dff010, gpu: 0x7ff110000000
[HGEMM 2024-01-14 21:44:45 1573610:1573610 tester.h:72 evaluate] ----------------- Evaluating Cublas-Tensor-Op -----------------
[HGEMM 2024-01-14 21:44:45 1573610:1573610 tester.h:82 evaluate] Warm up time: 37.540 ms
[HGEMM 2024-01-14 21:44:45 1573610:1573610 tester.h:121 profile] Cublas-Tensor-Op exit, profiling time: 1.055 ms (100.00%), throughput: 254.361 TFLOPS (100.00%)
[HGEMM 2024-01-14 21:44:45 1573610:1573610 tester.h:72 evaluate] ----------------- Evaluating Wmma-Padding -----------------
[HGEMM 2024-01-14 21:44:46 1573610:1573610 wmma_padding.cu:187 initWmmaPadding] smem_max_size: 68 KBytes (69632 Bytes)
[HGEMM 2024-01-14 21:44:46 1573610:1573610 tester.h:82 evaluate] Warm up time: 2.415 ms
[HGEMM 2024-01-14 21:44:46 1573610:1573610 tester.h:121 profile] Wmma-Padding exit, profiling time: 1.907 ms (180.66%), throughput: 140.794 TFLOPS (55.35%)
[HGEMM 2024-01-14 21:44:46 1573610:1573610 tester.h:72 evaluate] ----------------- Evaluating Wmma-Async -----------------
[HGEMM 2024-01-14 21:44:46 1573610:1573610 wmma_async.cu:198 initWmmaAsync] smem_max_size: 68 KBytes (69632 Bytes)
[HGEMM 2024-01-14 21:44:46 1573610:1573610 tester.h:82 evaluate] Warm up time: 2.167 ms
[HGEMM 2024-01-14 21:44:46 1573610:1573610 tester.h:121 profile] Wmma-Async exit, profiling time: 1.712 ms (162.26%), throughput: 156.760 TFLOPS (61.63%)
[HGEMM 2024-01-14 21:44:46 1573610:1573610 tester.h:72 evaluate] ----------------- Evaluating Wmma-Async-Pg2s -----------------
[HGEMM 2024-01-14 21:44:46 1573610:1573610 wmma_async_pg2s.cu:273 initWmmaAsyncPg2s] smem_max_size: 68 KBytes (69632 Bytes)
[HGEMM 2024-01-14 21:44:46 1573610:1573610 tester.h:82 evaluate] Warm up time: 1.804 ms
[HGEMM 2024-01-14 21:44:46 1573610:1573610 tester.h:121 profile] Wmma-Async-Pg2s exit, profiling time: 1.403 ms (132.91%), throughput: 191.374 TFLOPS (75.24%)
[HGEMM 2024-01-14 21:44:46 1573610:1573610 tester.h:72 evaluate] ----------------- Evaluating Wmma-Async-Pg2s-Ps2r -----------------
[HGEMM 2024-01-14 21:44:46 1573610:1573610 wmma_async_pg2s_ps2r.cu:337 initWmmaAsyncPg2sPs2r] smem_max_size: 68 KBytes (69632 Bytes)
[HGEMM 2024-01-14 21:44:46 1573610:1573610 tester.h:82 evaluate] Warm up time: 1.875 ms
[HGEMM 2024-01-14 21:44:46 1573610:1573610 tester.h:121 profile] Wmma-Async-Pg2s-Ps2r exit, profiling time: 1.396 ms (132.30%), throughput: 192.258 TFLOPS (75.58%)
[HGEMM 2024-01-14 21:44:46 1573610:1573610 tester.h:72 evaluate] ----------------- Evaluating Wmma-Async-Stage2 -----------------
[HGEMM 2024-01-14 21:44:46 1573610:1573610 wmma_async_stage2.cu:366 initWmmaAsyncStage2] smem_max_size: 68 KBytes (69632 Bytes)
[HGEMM 2024-01-14 21:44:46 1573610:1573610 tester.h:82 evaluate] Warm up time: 1.852 ms
[HGEMM 2024-01-14 21:44:46 1573610:1573610 tester.h:121 profile] Wmma-Async-Stage2 exit, profiling time: 1.384 ms (131.13%), throughput: 193.970 TFLOPS (76.26%)
[HGEMM 2024-01-14 21:44:46 1573610:1573610 tester.h:72 evaluate] ----------------- Evaluating Wmma-Async-Stage3 -----------------
[HGEMM 2024-01-14 21:44:46 1573610:1573610 wmma_async_stage3.cu:444 initWmmaAsyncStage3] smem_max_size: 90 KBytes (92160 Bytes)
[HGEMM 2024-01-14 21:44:46 1573610:1573610 tester.h:82 evaluate] Warm up time: 1.821 ms
[HGEMM 2024-01-14 21:44:46 1573610:1573610 tester.h:121 profile] Wmma-Async-Stage3 exit, profiling time: 1.328 ms (125.84%), throughput: 202.131 TFLOPS (79.47%)
[HGEMM 2024-01-14 21:44:46 1573610:1573610 tester.h:72 evaluate] ----------------- Evaluating Mma-Permuted -----------------
[HGEMM 2024-01-14 21:44:46 1573610:1573610 mma_permuted.cu:215 initMmaPermuted] smem_max_size: 64 KBytes (65536 Bytes)
[HGEMM 2024-01-14 21:44:46 1573610:1573610 tester.h:82 evaluate] Warm up time: 2.387 ms
[HGEMM 2024-01-14 21:44:46 1573610:1573610 tester.h:121 profile] Mma-Permuted exit, profiling time: 1.918 ms (181.71%), throughput: 139.982 TFLOPS (55.03%)
[HGEMM 2024-01-14 21:44:46 1573610:1573610 tester.h:72 evaluate] ----------------- Evaluating Mma-Async -----------------
[HGEMM 2024-01-14 21:44:46 1573610:1573610 mma_async.cu:224 initMmaAsync] smem_max_size: 64 KBytes (65536 Bytes)
[HGEMM 2024-01-14 21:44:46 1573610:1573610 tester.h:82 evaluate] Warm up time: 2.168 ms
[HGEMM 2024-01-14 21:44:46 1573610:1573610 tester.h:121 profile] Mma-Async exit, profiling time: 1.734 ms (164.35%), throughput: 154.763 TFLOPS (60.84%)
[HGEMM 2024-01-14 21:44:46 1573610:1573610 tester.h:72 evaluate] ----------------- Evaluating Mma-Async-Pg2s -----------------
[HGEMM 2024-01-14 21:44:46 1573610:1573610 mma_async_pg2s.cu:314 initMmaAsyncPg2s] smem_max_size: 64 KBytes (65536 Bytes)
[HGEMM 2024-01-14 21:44:46 1573610:1573610 tester.h:82 evaluate] Warm up time: 1.751 ms
[HGEMM 2024-01-14 21:44:46 1573610:1573610 tester.h:121 profile] Mma-Async-Pg2s exit, profiling time: 1.253 ms (118.70%), throughput: 214.292 TFLOPS (84.25%)
[HGEMM 2024-01-14 21:44:46 1573610:1573610 tester.h:72 evaluate] ----------------- Evaluating Mma-Async-Pg2s-Ps2r -----------------
[HGEMM 2024-01-14 21:44:47 1573610:1573610 mma_async_pg2s_ps2r.cu:403 initMmaAsyncPg2sPs2r] smem_max_size: 64 KBytes (65536 Bytes)
[HGEMM 2024-01-14 21:44:47 1573610:1573610 tester.h:82 evaluate] Warm up time: 1.709 ms
[HGEMM 2024-01-14 21:44:47 1573610:1573610 tester.h:121 profile] Mma-Async-Pg2s-Ps2r exit, profiling time: 1.245 ms (117.99%), throughput: 215.580 TFLOPS (84.75%)
[HGEMM 2024-01-14 21:44:47 1573610:1573610 tester.h:72 evaluate] ----------------- Evaluating Mma-Async-Stage2 -----------------
[HGEMM 2024-01-14 21:44:47 1573610:1573610 mma_async_stage2.cu:438 initMmaAsyncStage2] smem_max_size: 64 KBytes (65536 Bytes)
[HGEMM 2024-01-14 21:44:47 1573610:1573610 tester.h:82 evaluate] Warm up time: 1.882 ms
[HGEMM 2024-01-14 21:44:47 1573610:1573610 tester.h:121 profile] Mma-Async-Stage2 exit, profiling time: 1.397 ms (132.36%), throughput: 192.174 TFLOPS (75.55%)
[HGEMM 2024-01-14 21:44:47 1573610:1573610 tester.h:72 evaluate] ----------------- Evaluating Mma-Async-Stage3 -----------------
[HGEMM 2024-01-14 21:44:47 1573610:1573610 mma_async_stage3.cu:533 initMmaAsyncStage3] smem_max_size: 72 KBytes (73728 Bytes)
[HGEMM 2024-01-14 21:44:47 1573610:1573610 tester.h:82 evaluate] Warm up time: 1.688 ms
[HGEMM 2024-01-14 21:44:47 1573610:1573610 tester.h:121 profile] Mma-Async-Stage3 exit, profiling time: 1.160 ms (109.96%), throughput: 231.331 TFLOPS (90.95%)
[HGEMM 2024-01-14 21:44:47 1573610:1573610 tester.h:72 evaluate] ----------------- Evaluating Mma-Async-Stage4 -----------------
[HGEMM 2024-01-14 21:44:47 1573610:1573610 mma_async_stage4.cu:628 initMmaAsyncStage4] smem_max_size: 96 KBytes (98304 Bytes)
[HGEMM 2024-01-14 21:44:47 1573610:1573610 tester.h:82 evaluate] Warm up time: 1.735 ms
[HGEMM 2024-01-14 21:44:47 1573610:1573610 tester.h:121 profile] Mma-Async-Stage4 exit, profiling time: 1.153 ms (109.30%), throughput: 232.727 TFLOPS (91.50%)
[HGEMM 2024-01-14 21:44:47 1573610:1573610 tester.h:72 evaluate] ----------------- Evaluating Mma-myKernel -----------------
[HGEMM 2024-01-14 21:44:47 1573610:1573610 mma_mykernel.cu:550 initmyKernel] smem_max_size: 96 KBytes (98304 Bytes)
[HGEMM 2024-01-14 21:44:47 1573610:1573610 tester.h:82 evaluate] Warm up time: 1.673 ms
[HGEMM 2024-01-14 21:44:47 1573610:1573610 tester.h:121 profile] Mma-myKernel exit, profiling time: 1.153 ms (109.23%), throughput: 232.872 TFLOPS (91.55%)
[HGEMM 2024-01-14 21:44:47 1573610:1573610 main.cu:130 main] Done
