[HGEMM 2024-01-14 21:44:50 1573637:1573637 main.cu:56 main] CUDA HGEMM start with 32 CPU processes on the 0-th GPU: NVIDIA GeForce RTX 4090
[HGEMM 2024-01-14 21:44:50 1573637:1573637 main.cu:62 main] CUDA driver version / runtime version: 12.3 / 12.3
[HGEMM 2024-01-14 21:44:50 1573637:1573637 main.cu:64 main] CUDA capability major/minor version number: 8.9
[HGEMM 2024-01-14 21:44:50 1573637:1573637 main.cu:65 main] 128 multiprocessors, 128 CUDA cores/MP: 16384 CUDA cores
[HGEMM 2024-01-14 21:44:50 1573637:1573637 main.cu:68 main] GPU max clock rate: 2595 MHz (2.59 GHz)
[HGEMM 2024-01-14 21:44:50 1573637:1573637 main.cu:70 main] Memory clock rate: 10501 MHz (10.50 GHz)
[HGEMM 2024-01-14 21:44:50 1573637:1573637 main.cu:72 main] Memory bus width: 384-bit
[HGEMM 2024-01-14 21:44:50 1573637:1573637 main.cu:73 main] Total amount of global memory: 24184 MBytes (25358630912 Bytes)
[HGEMM 2024-01-14 21:44:50 1573637:1573637 main.cu:75 main] Total amount of constant memory: 64 KBytes (65536 Bytes)
[HGEMM 2024-01-14 21:44:50 1573637:1573637 main.cu:77 main] Total amount of shared memory per block: 48 KBytes (49152 Bytes)
[HGEMM 2024-01-14 21:44:50 1573637:1573637 main.cu:79 main] Total shared memory per multiprocessor: 100 KBytes (102400 Bytes)
[HGEMM 2024-01-14 21:44:50 1573637:1573637 main.cu:81 main] L2 cache size: 73728 KBytes (75497472 Bytes)
[HGEMM 2024-01-14 21:44:50 1573637:1573637 main.cu:83 main] Total number of registers available per block: 65536
[HGEMM 2024-01-14 21:44:50 1573637:1573637 main.cu:84 main] Warp size: 32
[HGEMM 2024-01-14 21:44:50 1573637:1573637 main.cu:85 main] Max number of threads per multiprocessor: 1536
[HGEMM 2024-01-14 21:44:50 1573637:1573637 main.cu:86 main] Max number of threads per block: 1024
[HGEMM 2024-01-14 21:44:50 1573637:1573637 main.cu:87 main] Max dimension size of a thread block (x,y,z): (1024, 1024, 64)
[HGEMM 2024-01-14 21:44:50 1573637:1573637 main.cu:89 main] Max dimension size of a grid size (x,y,z): (2147483647, 65535, 65535)
[HGEMM 2024-01-14 21:44:50 1573637:1573637 main.cu:92 main] A (6144 x 6144) * B (6144 x 6144) = C (6144 x 6144)
[HGEMM 2024-01-14 21:44:50 1573637:1573637 main.cu:93 main] Profiling: enable wmma: 1, enable mma: 1, warmup iterations: 1, profiling iterations: 10, sleep duration: 100 ms, enable check: 0
[HGEMM 2024-01-14 21:44:51 1573637:1573637 matrix.h:37 Matrix] Matrix A: 6144 * 6144, cpu: 0x7f9ec37ff010, gpu: 0x7f9ebc000000
[HGEMM 2024-01-14 21:44:52 1573637:1573637 matrix.h:37 Matrix] Matrix B: 6144 * 6144, cpu: 0x7f9eb77ff010, gpu: 0x7f9eb0000000
[HGEMM 2024-01-14 21:44:53 1573637:1573637 matrix.h:37 Matrix] Matrix C: 6144 * 6144, cpu: 0x7f9eab7ff010, gpu: 0x7f9ea4000000
[HGEMM 2024-01-14 21:44:54 1573637:1573637 matrix.h:37 Matrix] Matrix Base: 6144 * 6144, cpu: 0x7f9e9f7ff010, gpu: 0x7f9e98000000
[HGEMM 2024-01-14 21:44:54 1573637:1573637 tester.h:72 evaluate] ----------------- Evaluating Cublas-Tensor-Op -----------------
[HGEMM 2024-01-14 21:44:54 1573637:1573637 tester.h:82 evaluate] Warm up time: 26.756 ms
[HGEMM 2024-01-14 21:44:54 1573637:1573637 tester.h:121 profile] Cublas-Tensor-Op exit, profiling time: 1.790 ms (100.00%), throughput: 259.095 TFLOPS (100.00%)
[HGEMM 2024-01-14 21:44:54 1573637:1573637 tester.h:72 evaluate] ----------------- Evaluating Wmma-Padding -----------------
[HGEMM 2024-01-14 21:44:54 1573637:1573637 wmma_padding.cu:187 initWmmaPadding] smem_max_size: 68 KBytes (69632 Bytes)
[HGEMM 2024-01-14 21:44:54 1573637:1573637 tester.h:82 evaluate] Warm up time: 3.314 ms
[HGEMM 2024-01-14 21:44:54 1573637:1573637 tester.h:121 profile] Wmma-Padding exit, profiling time: 2.869 ms (160.27%), throughput: 161.659 TFLOPS (62.39%)
[HGEMM 2024-01-14 21:44:54 1573637:1573637 tester.h:72 evaluate] ----------------- Evaluating Wmma-Async -----------------
[HGEMM 2024-01-14 21:44:54 1573637:1573637 wmma_async.cu:198 initWmmaAsync] smem_max_size: 68 KBytes (69632 Bytes)
[HGEMM 2024-01-14 21:44:54 1573637:1573637 tester.h:82 evaluate] Warm up time: 3.037 ms
[HGEMM 2024-01-14 21:44:54 1573637:1573637 tester.h:121 profile] Wmma-Async exit, profiling time: 2.649 ms (147.98%), throughput: 175.087 TFLOPS (67.58%)
[HGEMM 2024-01-14 21:44:54 1573637:1573637 tester.h:72 evaluate] ----------------- Evaluating Wmma-Async-Pg2s -----------------
[HGEMM 2024-01-14 21:44:54 1573637:1573637 wmma_async_pg2s.cu:273 initWmmaAsyncPg2s] smem_max_size: 68 KBytes (69632 Bytes)
[HGEMM 2024-01-14 21:44:54 1573637:1573637 tester.h:82 evaluate] Warm up time: 2.765 ms
[HGEMM 2024-01-14 21:44:54 1573637:1573637 tester.h:121 profile] Wmma-Async-Pg2s exit, profiling time: 2.297 ms (128.33%), throughput: 201.901 TFLOPS (77.93%)
[HGEMM 2024-01-14 21:44:54 1573637:1573637 tester.h:72 evaluate] ----------------- Evaluating Wmma-Async-Pg2s-Ps2r -----------------
[HGEMM 2024-01-14 21:44:54 1573637:1573637 wmma_async_pg2s_ps2r.cu:337 initWmmaAsyncPg2sPs2r] smem_max_size: 68 KBytes (69632 Bytes)
[HGEMM 2024-01-14 21:44:54 1573637:1573637 tester.h:82 evaluate] Warm up time: 2.712 ms
[HGEMM 2024-01-14 21:44:54 1573637:1573637 tester.h:121 profile] Wmma-Async-Pg2s-Ps2r exit, profiling time: 2.296 ms (128.23%), throughput: 202.052 TFLOPS (77.98%)
[HGEMM 2024-01-14 21:44:54 1573637:1573637 tester.h:72 evaluate] ----------------- Evaluating Wmma-Async-Stage2 -----------------
[HGEMM 2024-01-14 21:44:54 1573637:1573637 wmma_async_stage2.cu:366 initWmmaAsyncStage2] smem_max_size: 68 KBytes (69632 Bytes)
[HGEMM 2024-01-14 21:44:54 1573637:1573637 tester.h:82 evaluate] Warm up time: 2.769 ms
[HGEMM 2024-01-14 21:44:54 1573637:1573637 tester.h:121 profile] Wmma-Async-Stage2 exit, profiling time: 2.305 ms (128.77%), throughput: 201.210 TFLOPS (77.66%)
[HGEMM 2024-01-14 21:44:54 1573637:1573637 tester.h:72 evaluate] ----------------- Evaluating Wmma-Async-Stage3 -----------------
[HGEMM 2024-01-14 21:44:54 1573637:1573637 wmma_async_stage3.cu:444 initWmmaAsyncStage3] smem_max_size: 90 KBytes (92160 Bytes)
[HGEMM 2024-01-14 21:44:54 1573637:1573637 tester.h:82 evaluate] Warm up time: 2.718 ms
[HGEMM 2024-01-14 21:44:54 1573637:1573637 tester.h:121 profile] Wmma-Async-Stage3 exit, profiling time: 2.225 ms (124.31%), throughput: 208.432 TFLOPS (80.45%)
[HGEMM 2024-01-14 21:44:54 1573637:1573637 tester.h:72 evaluate] ----------------- Evaluating Mma-Permuted -----------------
[HGEMM 2024-01-14 21:44:55 1573637:1573637 mma_permuted.cu:215 initMmaPermuted] smem_max_size: 64 KBytes (65536 Bytes)
[HGEMM 2024-01-14 21:44:55 1573637:1573637 tester.h:82 evaluate] Warm up time: 3.308 ms
[HGEMM 2024-01-14 21:44:55 1573637:1573637 tester.h:121 profile] Mma-Permuted exit, profiling time: 2.868 ms (160.17%), throughput: 161.763 TFLOPS (62.43%)
[HGEMM 2024-01-14 21:44:55 1573637:1573637 tester.h:72 evaluate] ----------------- Evaluating Mma-Async -----------------
[HGEMM 2024-01-14 21:44:55 1573637:1573637 mma_async.cu:224 initMmaAsync] smem_max_size: 64 KBytes (65536 Bytes)
[HGEMM 2024-01-14 21:44:55 1573637:1573637 tester.h:82 evaluate] Warm up time: 3.120 ms
[HGEMM 2024-01-14 21:44:55 1573637:1573637 tester.h:121 profile] Mma-Async exit, profiling time: 2.714 ms (151.60%), throughput: 170.906 TFLOPS (65.96%)
[HGEMM 2024-01-14 21:44:55 1573637:1573637 tester.h:72 evaluate] ----------------- Evaluating Mma-Async-Pg2s -----------------
[HGEMM 2024-01-14 21:44:55 1573637:1573637 mma_async_pg2s.cu:314 initMmaAsyncPg2s] smem_max_size: 64 KBytes (65536 Bytes)
[HGEMM 2024-01-14 21:44:55 1573637:1573637 tester.h:82 evaluate] Warm up time: 2.497 ms
[HGEMM 2024-01-14 21:44:55 1573637:1573637 tester.h:121 profile] Mma-Async-Pg2s exit, profiling time: 2.036 ms (113.70%), throughput: 227.882 TFLOPS (87.95%)
[HGEMM 2024-01-14 21:44:55 1573637:1573637 tester.h:72 evaluate] ----------------- Evaluating Mma-Async-Pg2s-Ps2r -----------------
[HGEMM 2024-01-14 21:44:55 1573637:1573637 mma_async_pg2s_ps2r.cu:403 initMmaAsyncPg2sPs2r] smem_max_size: 64 KBytes (65536 Bytes)
[HGEMM 2024-01-14 21:44:55 1573637:1573637 tester.h:82 evaluate] Warm up time: 2.458 ms
[HGEMM 2024-01-14 21:44:55 1573637:1573637 tester.h:121 profile] Mma-Async-Pg2s-Ps2r exit, profiling time: 2.027 ms (113.20%), throughput: 228.881 TFLOPS (88.34%)
[HGEMM 2024-01-14 21:44:55 1573637:1573637 tester.h:72 evaluate] ----------------- Evaluating Mma-Async-Stage2 -----------------
[HGEMM 2024-01-14 21:44:55 1573637:1573637 mma_async_stage2.cu:438 initMmaAsyncStage2] smem_max_size: 64 KBytes (65536 Bytes)
[HGEMM 2024-01-14 21:44:55 1573637:1573637 tester.h:82 evaluate] Warm up time: 2.773 ms
[HGEMM 2024-01-14 21:44:55 1573637:1573637 tester.h:121 profile] Mma-Async-Stage2 exit, profiling time: 2.299 ms (128.43%), throughput: 201.745 TFLOPS (77.87%)
[HGEMM 2024-01-14 21:44:55 1573637:1573637 tester.h:72 evaluate] ----------------- Evaluating Mma-Async-Stage3 -----------------
[HGEMM 2024-01-14 21:44:55 1573637:1573637 mma_async_stage3.cu:533 initMmaAsyncStage3] smem_max_size: 72 KBytes (73728 Bytes)
[HGEMM 2024-01-14 21:44:55 1573637:1573637 tester.h:82 evaluate] Warm up time: 2.400 ms
[HGEMM 2024-01-14 21:44:55 1573637:1573637 tester.h:121 profile] Mma-Async-Stage3 exit, profiling time: 1.903 ms (106.31%), throughput: 243.724 TFLOPS (94.07%)
[HGEMM 2024-01-14 21:44:55 1573637:1573637 tester.h:72 evaluate] ----------------- Evaluating Mma-Async-Stage4 -----------------
[HGEMM 2024-01-14 21:44:55 1573637:1573637 mma_async_stage4.cu:628 initMmaAsyncStage4] smem_max_size: 96 KBytes (98304 Bytes)
[HGEMM 2024-01-14 21:44:55 1573637:1573637 tester.h:82 evaluate] Warm up time: 2.361 ms
[HGEMM 2024-01-14 21:44:55 1573637:1573637 tester.h:121 profile] Mma-Async-Stage4 exit, profiling time: 1.888 ms (105.44%), throughput: 245.720 TFLOPS (94.84%)
[HGEMM 2024-01-14 21:44:55 1573637:1573637 tester.h:72 evaluate] ----------------- Evaluating Mma-myKernel -----------------
[HGEMM 2024-01-14 21:44:55 1573637:1573637 mma_mykernel.cu:550 initmyKernel] smem_max_size: 96 KBytes (98304 Bytes)
[HGEMM 2024-01-14 21:44:55 1573637:1573637 tester.h:82 evaluate] Warm up time: 2.387 ms
[HGEMM 2024-01-14 21:44:55 1573637:1573637 tester.h:121 profile] Mma-myKernel exit, profiling time: 1.886 ms (105.33%), throughput: 245.974 TFLOPS (94.94%)
[HGEMM 2024-01-14 21:44:55 1573637:1573637 main.cu:130 main] Done
