[HGEMM 2024-01-14 21:45:34 1573783:1573783 main.cu:56 main] CUDA HGEMM start with 32 CPU processes on the 0-th GPU: NVIDIA GeForce RTX 4090
[HGEMM 2024-01-14 21:45:34 1573783:1573783 main.cu:62 main] CUDA driver version / runtime version: 12.3 / 12.3
[HGEMM 2024-01-14 21:45:34 1573783:1573783 main.cu:64 main] CUDA capability major/minor version number: 8.9
[HGEMM 2024-01-14 21:45:34 1573783:1573783 main.cu:65 main] 128 multiprocessors, 128 CUDA cores/MP: 16384 CUDA cores
[HGEMM 2024-01-14 21:45:34 1573783:1573783 main.cu:68 main] GPU max clock rate: 2595 MHz (2.59 GHz)
[HGEMM 2024-01-14 21:45:34 1573783:1573783 main.cu:70 main] Memory clock rate: 10501 MHz (10.50 GHz)
[HGEMM 2024-01-14 21:45:34 1573783:1573783 main.cu:72 main] Memory bus width: 384-bit
[HGEMM 2024-01-14 21:45:34 1573783:1573783 main.cu:73 main] Total amount of global memory: 24184 MBytes (25358630912 Bytes)
[HGEMM 2024-01-14 21:45:34 1573783:1573783 main.cu:75 main] Total amount of constant memory: 64 KBytes (65536 Bytes)
[HGEMM 2024-01-14 21:45:34 1573783:1573783 main.cu:77 main] Total amount of shared memory per block: 48 KBytes (49152 Bytes)
[HGEMM 2024-01-14 21:45:34 1573783:1573783 main.cu:79 main] Total shared memory per multiprocessor: 100 KBytes (102400 Bytes)
[HGEMM 2024-01-14 21:45:34 1573783:1573783 main.cu:81 main] L2 cache size: 73728 KBytes (75497472 Bytes)
[HGEMM 2024-01-14 21:45:34 1573783:1573783 main.cu:83 main] Total number of registers available per block: 65536
[HGEMM 2024-01-14 21:45:34 1573783:1573783 main.cu:84 main] Warp size: 32
[HGEMM 2024-01-14 21:45:34 1573783:1573783 main.cu:85 main] Max number of threads per multiprocessor: 1536
[HGEMM 2024-01-14 21:45:34 1573783:1573783 main.cu:86 main] Max number of threads per block: 1024
[HGEMM 2024-01-14 21:45:34 1573783:1573783 main.cu:87 main] Max dimension size of a thread block (x,y,z): (1024, 1024, 64)
[HGEMM 2024-01-14 21:45:34 1573783:1573783 main.cu:89 main] Max dimension size of a grid size (x,y,z): (2147483647, 65535, 65535)
[HGEMM 2024-01-14 21:45:34 1573783:1573783 main.cu:92 main] A (10240 x 10240) * B (10240 x 10240) = C (10240 x 10240)
[HGEMM 2024-01-14 21:45:34 1573783:1573783 main.cu:93 main] Profiling: enable wmma: 1, enable mma: 1, warmup iterations: 1, profiling iterations: 10, sleep duration: 100 ms, enable check: 0
[HGEMM 2024-01-14 21:45:36 1573783:1573783 matrix.h:37 Matrix] Matrix A: 10240 * 10240, cpu: 0x7fc7c97ff010, gpu: 0x7fc7ba000000
[HGEMM 2024-01-14 21:45:38 1573783:1573783 matrix.h:37 Matrix] Matrix B: 10240 * 10240, cpu: 0x7fc7ad7ff010, gpu: 0x7fc79e000000
[HGEMM 2024-01-14 21:45:41 1573783:1573783 matrix.h:37 Matrix] Matrix C: 10240 * 10240, cpu: 0x7fc7917ff010, gpu: 0x7fc782000000
[HGEMM 2024-01-14 21:45:43 1573783:1573783 matrix.h:37 Matrix] Matrix Base: 10240 * 10240, cpu: 0x7fc7757ff010, gpu: 0x7fc766000000
[HGEMM 2024-01-14 21:45:43 1573783:1573783 tester.h:72 evaluate] ----------------- Evaluating Cublas-Tensor-Op -----------------
[HGEMM 2024-01-14 21:45:43 1573783:1573783 tester.h:82 evaluate] Warm up time: 42.918 ms
[HGEMM 2024-01-14 21:45:43 1573783:1573783 tester.h:121 profile] Cublas-Tensor-Op exit, profiling time: 8.407 ms (100.00%), throughput: 255.433 TFLOPS (100.00%)
[HGEMM 2024-01-14 21:45:43 1573783:1573783 tester.h:72 evaluate] ----------------- Evaluating Wmma-Padding -----------------
[HGEMM 2024-01-14 21:45:43 1573783:1573783 wmma_padding.cu:187 initWmmaPadding] smem_max_size: 68 KBytes (69632 Bytes)
[HGEMM 2024-01-14 21:45:43 1573783:1573783 tester.h:82 evaluate] Warm up time: 14.862 ms
[HGEMM 2024-01-14 21:45:44 1573783:1573783 tester.h:121 profile] Wmma-Padding exit, profiling time: 14.317 ms (170.30%), throughput: 149.994 TFLOPS (58.72%)
[HGEMM 2024-01-14 21:45:44 1573783:1573783 tester.h:72 evaluate] ----------------- Evaluating Wmma-Async -----------------
[HGEMM 2024-01-14 21:45:44 1573783:1573783 wmma_async.cu:198 initWmmaAsync] smem_max_size: 68 KBytes (69632 Bytes)
[HGEMM 2024-01-14 21:45:44 1573783:1573783 tester.h:82 evaluate] Warm up time: 11.554 ms
[HGEMM 2024-01-14 21:45:44 1573783:1573783 tester.h:121 profile] Wmma-Async exit, profiling time: 11.625 ms (138.28%), throughput: 184.723 TFLOPS (72.32%)
[HGEMM 2024-01-14 21:45:44 1573783:1573783 tester.h:72 evaluate] ----------------- Evaluating Wmma-Async-Pg2s -----------------
[HGEMM 2024-01-14 21:45:44 1573783:1573783 wmma_async_pg2s.cu:273 initWmmaAsyncPg2s] smem_max_size: 68 KBytes (69632 Bytes)
[HGEMM 2024-01-14 21:45:44 1573783:1573783 tester.h:82 evaluate] Warm up time: 9.895 ms
[HGEMM 2024-01-14 21:45:44 1573783:1573783 tester.h:121 profile] Wmma-Async-Pg2s exit, profiling time: 10.177 ms (121.05%), throughput: 211.007 TFLOPS (82.61%)
[HGEMM 2024-01-14 21:45:44 1573783:1573783 tester.h:72 evaluate] ----------------- Evaluating Wmma-Async-Pg2s-Ps2r -----------------
[HGEMM 2024-01-14 21:45:44 1573783:1573783 wmma_async_pg2s_ps2r.cu:337 initWmmaAsyncPg2sPs2r] smem_max_size: 68 KBytes (69632 Bytes)
[HGEMM 2024-01-14 21:45:44 1573783:1573783 tester.h:82 evaluate] Warm up time: 9.927 ms
[HGEMM 2024-01-14 21:45:44 1573783:1573783 tester.h:121 profile] Wmma-Async-Pg2s-Ps2r exit, profiling time: 10.148 ms (120.70%), throughput: 211.624 TFLOPS (82.85%)
[HGEMM 2024-01-14 21:45:44 1573783:1573783 tester.h:72 evaluate] ----------------- Evaluating Wmma-Async-Stage2 -----------------
[HGEMM 2024-01-14 21:45:44 1573783:1573783 wmma_async_stage2.cu:366 initWmmaAsyncStage2] smem_max_size: 68 KBytes (69632 Bytes)
[HGEMM 2024-01-14 21:45:44 1573783:1573783 tester.h:82 evaluate] Warm up time: 10.015 ms
[HGEMM 2024-01-14 21:45:44 1573783:1573783 tester.h:121 profile] Wmma-Async-Stage2 exit, profiling time: 10.250 ms (121.92%), throughput: 209.513 TFLOPS (82.02%)
[HGEMM 2024-01-14 21:45:44 1573783:1573783 tester.h:72 evaluate] ----------------- Evaluating Wmma-Async-Stage3 -----------------
[HGEMM 2024-01-14 21:45:45 1573783:1573783 wmma_async_stage3.cu:444 initWmmaAsyncStage3] smem_max_size: 90 KBytes (92160 Bytes)
[HGEMM 2024-01-14 21:45:45 1573783:1573783 tester.h:82 evaluate] Warm up time: 9.639 ms
[HGEMM 2024-01-14 21:45:45 1573783:1573783 tester.h:121 profile] Wmma-Async-Stage3 exit, profiling time: 9.946 ms (118.31%), throughput: 215.905 TFLOPS (84.53%)
[HGEMM 2024-01-14 21:45:45 1573783:1573783 tester.h:72 evaluate] ----------------- Evaluating Mma-Permuted -----------------
[HGEMM 2024-01-14 21:45:45 1573783:1573783 mma_permuted.cu:215 initMmaPermuted] smem_max_size: 64 KBytes (65536 Bytes)
[HGEMM 2024-01-14 21:45:45 1573783:1573783 tester.h:82 evaluate] Warm up time: 14.329 ms
[HGEMM 2024-01-14 21:45:45 1573783:1573783 tester.h:121 profile] Mma-Permuted exit, profiling time: 14.128 ms (168.04%), throughput: 152.006 TFLOPS (59.51%)
[HGEMM 2024-01-14 21:45:45 1573783:1573783 tester.h:72 evaluate] ----------------- Evaluating Mma-Async -----------------
[HGEMM 2024-01-14 21:45:45 1573783:1573783 mma_async.cu:224 initMmaAsync] smem_max_size: 64 KBytes (65536 Bytes)
[HGEMM 2024-01-14 21:45:45 1573783:1573783 tester.h:82 evaluate] Warm up time: 11.760 ms
[HGEMM 2024-01-14 21:45:45 1573783:1573783 tester.h:121 profile] Mma-Async exit, profiling time: 11.783 ms (140.15%), throughput: 182.255 TFLOPS (71.35%)
[HGEMM 2024-01-14 21:45:45 1573783:1573783 tester.h:72 evaluate] ----------------- Evaluating Mma-Async-Pg2s -----------------
[HGEMM 2024-01-14 21:45:45 1573783:1573783 mma_async_pg2s.cu:314 initMmaAsyncPg2s] smem_max_size: 64 KBytes (65536 Bytes)
[HGEMM 2024-01-14 21:45:45 1573783:1573783 tester.h:82 evaluate] Warm up time: 9.155 ms
[HGEMM 2024-01-14 21:45:45 1573783:1573783 tester.h:121 profile] Mma-Async-Pg2s exit, profiling time: 9.442 ms (112.31%), throughput: 227.442 TFLOPS (89.04%)
[HGEMM 2024-01-14 21:45:45 1573783:1573783 tester.h:72 evaluate] ----------------- Evaluating Mma-Async-Pg2s-Ps2r -----------------
[HGEMM 2024-01-14 21:45:45 1573783:1573783 mma_async_pg2s_ps2r.cu:403 initMmaAsyncPg2sPs2r] smem_max_size: 64 KBytes (65536 Bytes)
[HGEMM 2024-01-14 21:45:45 1573783:1573783 tester.h:82 evaluate] Warm up time: 8.966 ms
[HGEMM 2024-01-14 21:45:46 1573783:1573783 tester.h:121 profile] Mma-Async-Pg2s-Ps2r exit, profiling time: 9.140 ms (108.71%), throughput: 234.964 TFLOPS (91.99%)
[HGEMM 2024-01-14 21:45:46 1573783:1573783 tester.h:72 evaluate] ----------------- Evaluating Mma-Async-Stage2 -----------------
[HGEMM 2024-01-14 21:45:46 1573783:1573783 mma_async_stage2.cu:438 initMmaAsyncStage2] smem_max_size: 64 KBytes (65536 Bytes)
[HGEMM 2024-01-14 21:45:46 1573783:1573783 tester.h:82 evaluate] Warm up time: 10.114 ms
[HGEMM 2024-01-14 21:45:46 1573783:1573783 tester.h:121 profile] Mma-Async-Stage2 exit, profiling time: 10.328 ms (122.84%), throughput: 207.931 TFLOPS (81.40%)
[HGEMM 2024-01-14 21:45:46 1573783:1573783 tester.h:72 evaluate] ----------------- Evaluating Mma-Async-Stage3 -----------------
[HGEMM 2024-01-14 21:45:46 1573783:1573783 mma_async_stage3.cu:533 initMmaAsyncStage3] smem_max_size: 72 KBytes (73728 Bytes)
[HGEMM 2024-01-14 21:45:46 1573783:1573783 tester.h:82 evaluate] Warm up time: 8.588 ms
[HGEMM 2024-01-14 21:45:46 1573783:1573783 tester.h:121 profile] Mma-Async-Stage3 exit, profiling time: 8.652 ms (102.91%), throughput: 248.204 TFLOPS (97.17%)
[HGEMM 2024-01-14 21:45:46 1573783:1573783 tester.h:72 evaluate] ----------------- Evaluating Mma-Async-Stage4 -----------------
[HGEMM 2024-01-14 21:45:46 1573783:1573783 mma_async_stage4.cu:628 initMmaAsyncStage4] smem_max_size: 96 KBytes (98304 Bytes)
[HGEMM 2024-01-14 21:45:46 1573783:1573783 tester.h:82 evaluate] Warm up time: 8.503 ms
[HGEMM 2024-01-14 21:45:46 1573783:1573783 tester.h:121 profile] Mma-Async-Stage4 exit, profiling time: 8.586 ms (102.12%), throughput: 250.128 TFLOPS (97.92%)
[HGEMM 2024-01-14 21:45:46 1573783:1573783 tester.h:72 evaluate] ----------------- Evaluating Mma-myKernel -----------------
[HGEMM 2024-01-14 21:45:46 1573783:1573783 mma_mykernel.cu:550 initmyKernel] smem_max_size: 96 KBytes (98304 Bytes)
[HGEMM 2024-01-14 21:45:46 1573783:1573783 tester.h:82 evaluate] Warm up time: 8.501 ms
[HGEMM 2024-01-14 21:45:46 1573783:1573783 tester.h:121 profile] Mma-myKernel exit, profiling time: 8.461 ms (100.64%), throughput: 253.816 TFLOPS (99.37%)
[HGEMM 2024-01-14 21:45:46 1573783:1573783 main.cu:130 main] Done
