[HGEMM 2024-01-14 21:46:53 1573980:1573980 main.cu:56 main] CUDA HGEMM start with 32 CPU processes on the 0-th GPU: NVIDIA GeForce RTX 4090
[HGEMM 2024-01-14 21:46:53 1573980:1573980 main.cu:62 main] CUDA driver version / runtime version: 12.3 / 12.3
[HGEMM 2024-01-14 21:46:53 1573980:1573980 main.cu:64 main] CUDA capability major/minor version number: 8.9
[HGEMM 2024-01-14 21:46:53 1573980:1573980 main.cu:65 main] 128 multiprocessors, 128 CUDA cores/MP: 16384 CUDA cores
[HGEMM 2024-01-14 21:46:53 1573980:1573980 main.cu:68 main] GPU max clock rate: 2595 MHz (2.59 GHz)
[HGEMM 2024-01-14 21:46:53 1573980:1573980 main.cu:70 main] Memory clock rate: 10501 MHz (10.50 GHz)
[HGEMM 2024-01-14 21:46:53 1573980:1573980 main.cu:72 main] Memory bus width: 384-bit
[HGEMM 2024-01-14 21:46:53 1573980:1573980 main.cu:73 main] Total amount of global memory: 24184 MBytes (25358630912 Bytes)
[HGEMM 2024-01-14 21:46:53 1573980:1573980 main.cu:75 main] Total amount of constant memory: 64 KBytes (65536 Bytes)
[HGEMM 2024-01-14 21:46:53 1573980:1573980 main.cu:77 main] Total amount of shared memory per block: 48 KBytes (49152 Bytes)
[HGEMM 2024-01-14 21:46:53 1573980:1573980 main.cu:79 main] Total shared memory per multiprocessor: 100 KBytes (102400 Bytes)
[HGEMM 2024-01-14 21:46:53 1573980:1573980 main.cu:81 main] L2 cache size: 73728 KBytes (75497472 Bytes)
[HGEMM 2024-01-14 21:46:53 1573980:1573980 main.cu:83 main] Total number of registers available per block: 65536
[HGEMM 2024-01-14 21:46:53 1573980:1573980 main.cu:84 main] Warp size: 32
[HGEMM 2024-01-14 21:46:53 1573980:1573980 main.cu:85 main] Max number of threads per multiprocessor: 1536
[HGEMM 2024-01-14 21:46:53 1573980:1573980 main.cu:86 main] Max number of threads per block: 1024
[HGEMM 2024-01-14 21:46:53 1573980:1573980 main.cu:87 main] Max dimension size of a thread block (x,y,z): (1024, 1024, 64)
[HGEMM 2024-01-14 21:46:53 1573980:1573980 main.cu:89 main] Max dimension size of a grid size (x,y,z): (2147483647, 65535, 65535)
[HGEMM 2024-01-14 21:46:53 1573980:1573980 main.cu:92 main] A (14336 x 14336) * B (14336 x 14336) = C (14336 x 14336)
[HGEMM 2024-01-14 21:46:53 1573980:1573980 main.cu:93 main] Profiling: enable wmma: 1, enable mma: 1, warmup iterations: 1, profiling iterations: 10, sleep duration: 100 ms, enable check: 0
[HGEMM 2024-01-14 21:46:58 1573980:1573980 matrix.h:37 Matrix] Matrix A: 14336 * 14336, cpu: 0x7f48c77ff010, gpu: 0x7f48ac000000
[HGEMM 2024-01-14 21:47:03 1573980:1573980 matrix.h:37 Matrix] Matrix B: 14336 * 14336, cpu: 0x7f48937ff010, gpu: 0x7f4878000000
[HGEMM 2024-01-14 21:47:07 1573980:1573980 matrix.h:37 Matrix] Matrix C: 14336 * 14336, cpu: 0x7f485f7ff010, gpu: 0x7f4844000000
[HGEMM 2024-01-14 21:47:12 1573980:1573980 matrix.h:37 Matrix] Matrix Base: 14336 * 14336, cpu: 0x7f482b7ff010, gpu: 0x7f4810000000
[HGEMM 2024-01-14 21:47:12 1573980:1573980 tester.h:72 evaluate] ----------------- Evaluating Cublas-Tensor-Op -----------------
[HGEMM 2024-01-14 21:47:12 1573980:1573980 tester.h:82 evaluate] Warm up time: 43.050 ms
[HGEMM 2024-01-14 21:47:12 1573980:1573980 tester.h:121 profile] Cublas-Tensor-Op exit, profiling time: 21.158 ms (100.00%), throughput: 278.507 TFLOPS (100.00%)
[HGEMM 2024-01-14 21:47:12 1573980:1573980 tester.h:72 evaluate] ----------------- Evaluating Wmma-Padding -----------------
[HGEMM 2024-01-14 21:47:12 1573980:1573980 wmma_padding.cu:187 initWmmaPadding] smem_max_size: 68 KBytes (69632 Bytes)
[HGEMM 2024-01-14 21:47:12 1573980:1573980 tester.h:82 evaluate] Warm up time: 35.797 ms
[HGEMM 2024-01-14 21:47:13 1573980:1573980 tester.h:121 profile] Wmma-Padding exit, profiling time: 35.923 ms (169.78%), throughput: 164.037 TFLOPS (58.90%)
[HGEMM 2024-01-14 21:47:13 1573980:1573980 tester.h:72 evaluate] ----------------- Evaluating Wmma-Async -----------------
[HGEMM 2024-01-14 21:47:13 1573980:1573980 wmma_async.cu:198 initWmmaAsync] smem_max_size: 68 KBytes (69632 Bytes)
[HGEMM 2024-01-14 21:47:13 1573980:1573980 tester.h:82 evaluate] Warm up time: 31.314 ms
[HGEMM 2024-01-14 21:47:13 1573980:1573980 tester.h:121 profile] Wmma-Async exit, profiling time: 32.029 ms (151.38%), throughput: 183.981 TFLOPS (66.06%)
[HGEMM 2024-01-14 21:47:13 1573980:1573980 tester.h:72 evaluate] ----------------- Evaluating Wmma-Async-Pg2s -----------------
[HGEMM 2024-01-14 21:47:13 1573980:1573980 wmma_async_pg2s.cu:273 initWmmaAsyncPg2s] smem_max_size: 68 KBytes (69632 Bytes)
[HGEMM 2024-01-14 21:47:13 1573980:1573980 tester.h:82 evaluate] Warm up time: 26.857 ms
[HGEMM 2024-01-14 21:47:14 1573980:1573980 tester.h:121 profile] Wmma-Async-Pg2s exit, profiling time: 28.309 ms (133.80%), throughput: 208.153 TFLOPS (74.74%)
[HGEMM 2024-01-14 21:47:14 1573980:1573980 tester.h:72 evaluate] ----------------- Evaluating Wmma-Async-Pg2s-Ps2r -----------------
[HGEMM 2024-01-14 21:47:14 1573980:1573980 wmma_async_pg2s_ps2r.cu:337 initWmmaAsyncPg2sPs2r] smem_max_size: 68 KBytes (69632 Bytes)
[HGEMM 2024-01-14 21:47:14 1573980:1573980 tester.h:82 evaluate] Warm up time: 26.900 ms
[HGEMM 2024-01-14 21:47:14 1573980:1573980 tester.h:121 profile] Wmma-Async-Pg2s-Ps2r exit, profiling time: 28.203 ms (133.30%), throughput: 208.937 TFLOPS (75.02%)
[HGEMM 2024-01-14 21:47:14 1573980:1573980 tester.h:72 evaluate] ----------------- Evaluating Wmma-Async-Stage2 -----------------
[HGEMM 2024-01-14 21:47:14 1573980:1573980 wmma_async_stage2.cu:366 initWmmaAsyncStage2] smem_max_size: 68 KBytes (69632 Bytes)
[HGEMM 2024-01-14 21:47:14 1573980:1573980 tester.h:82 evaluate] Warm up time: 26.727 ms
[HGEMM 2024-01-14 21:47:15 1573980:1573980 tester.h:121 profile] Wmma-Async-Stage2 exit, profiling time: 28.341 ms (133.95%), throughput: 207.923 TFLOPS (74.66%)
[HGEMM 2024-01-14 21:47:15 1573980:1573980 tester.h:72 evaluate] ----------------- Evaluating Wmma-Async-Stage3 -----------------
[HGEMM 2024-01-14 21:47:15 1573980:1573980 wmma_async_stage3.cu:444 initWmmaAsyncStage3] smem_max_size: 90 KBytes (92160 Bytes)
[HGEMM 2024-01-14 21:47:15 1573980:1573980 tester.h:82 evaluate] Warm up time: 26.273 ms
[HGEMM 2024-01-14 21:47:15 1573980:1573980 tester.h:121 profile] Wmma-Async-Stage3 exit, profiling time: 27.652 ms (130.69%), throughput: 213.100 TFLOPS (76.52%)
[HGEMM 2024-01-14 21:47:15 1573980:1573980 tester.h:72 evaluate] ----------------- Evaluating Mma-Permuted -----------------
[HGEMM 2024-01-14 21:47:15 1573980:1573980 mma_permuted.cu:215 initMmaPermuted] smem_max_size: 64 KBytes (65536 Bytes)
[HGEMM 2024-01-14 21:47:15 1573980:1573980 tester.h:82 evaluate] Warm up time: 35.315 ms
[HGEMM 2024-01-14 21:47:15 1573980:1573980 tester.h:121 profile] Mma-Permuted exit, profiling time: 35.334 ms (167.00%), throughput: 166.772 TFLOPS (59.88%)
[HGEMM 2024-01-14 21:47:15 1573980:1573980 tester.h:72 evaluate] ----------------- Evaluating Mma-Async -----------------
[HGEMM 2024-01-14 21:47:16 1573980:1573980 mma_async.cu:224 initMmaAsync] smem_max_size: 64 KBytes (65536 Bytes)
[HGEMM 2024-01-14 21:47:16 1573980:1573980 tester.h:82 evaluate] Warm up time: 31.986 ms
[HGEMM 2024-01-14 21:47:16 1573980:1573980 tester.h:121 profile] Mma-Async exit, profiling time: 32.625 ms (154.20%), throughput: 180.616 TFLOPS (64.85%)
[HGEMM 2024-01-14 21:47:16 1573980:1573980 tester.h:72 evaluate] ----------------- Evaluating Mma-Async-Pg2s -----------------
[HGEMM 2024-01-14 21:47:16 1573980:1573980 mma_async_pg2s.cu:314 initMmaAsyncPg2s] smem_max_size: 64 KBytes (65536 Bytes)
[HGEMM 2024-01-14 21:47:16 1573980:1573980 tester.h:82 evaluate] Warm up time: 24.613 ms
[HGEMM 2024-01-14 21:47:16 1573980:1573980 tester.h:121 profile] Mma-Async-Pg2s exit, profiling time: 26.167 ms (123.67%), throughput: 225.198 TFLOPS (80.86%)
[HGEMM 2024-01-14 21:47:16 1573980:1573980 tester.h:72 evaluate] ----------------- Evaluating Mma-Async-Pg2s-Ps2r -----------------
[HGEMM 2024-01-14 21:47:16 1573980:1573980 mma_async_pg2s_ps2r.cu:403 initMmaAsyncPg2sPs2r] smem_max_size: 64 KBytes (65536 Bytes)
[HGEMM 2024-01-14 21:47:16 1573980:1573980 tester.h:82 evaluate] Warm up time: 24.433 ms
[HGEMM 2024-01-14 21:47:17 1573980:1573980 tester.h:121 profile] Mma-Async-Pg2s-Ps2r exit, profiling time: 25.811 ms (121.99%), throughput: 228.303 TFLOPS (81.97%)
[HGEMM 2024-01-14 21:47:17 1573980:1573980 tester.h:72 evaluate] ----------------- Evaluating Mma-Async-Stage2 -----------------
[HGEMM 2024-01-14 21:47:17 1573980:1573980 mma_async_stage2.cu:438 initMmaAsyncStage2] smem_max_size: 64 KBytes (65536 Bytes)
[HGEMM 2024-01-14 21:47:17 1573980:1573980 tester.h:82 evaluate] Warm up time: 27.776 ms
[HGEMM 2024-01-14 21:47:17 1573980:1573980 tester.h:121 profile] Mma-Async-Stage2 exit, profiling time: 29.440 ms (139.14%), throughput: 200.159 TFLOPS (71.87%)
[HGEMM 2024-01-14 21:47:17 1573980:1573980 tester.h:72 evaluate] ----------------- Evaluating Mma-Async-Stage3 -----------------
[HGEMM 2024-01-14 21:47:17 1573980:1573980 mma_async_stage3.cu:533 initMmaAsyncStage3] smem_max_size: 72 KBytes (73728 Bytes)
[HGEMM 2024-01-14 21:47:17 1573980:1573980 tester.h:82 evaluate] Warm up time: 23.387 ms
[HGEMM 2024-01-14 21:47:17 1573980:1573980 tester.h:121 profile] Mma-Async-Stage3 exit, profiling time: 24.821 ms (117.31%), throughput: 237.409 TFLOPS (85.24%)
[HGEMM 2024-01-14 21:47:17 1573980:1573980 tester.h:72 evaluate] ----------------- Evaluating Mma-Async-Stage4 -----------------
[HGEMM 2024-01-14 21:47:18 1573980:1573980 mma_async_stage4.cu:628 initMmaAsyncStage4] smem_max_size: 96 KBytes (98304 Bytes)
[HGEMM 2024-01-14 21:47:18 1573980:1573980 tester.h:82 evaluate] Warm up time: 23.302 ms
[HGEMM 2024-01-14 21:47:18 1573980:1573980 tester.h:121 profile] Mma-Async-Stage4 exit, profiling time: 24.695 ms (116.72%), throughput: 238.620 TFLOPS (85.68%)
[HGEMM 2024-01-14 21:47:18 1573980:1573980 tester.h:72 evaluate] ----------------- Evaluating Mma-myKernel -----------------
[HGEMM 2024-01-14 21:47:18 1573980:1573980 mma_mykernel.cu:550 initmyKernel] smem_max_size: 96 KBytes (98304 Bytes)
[HGEMM 2024-01-14 21:47:18 1573980:1573980 tester.h:82 evaluate] Warm up time: 23.273 ms
[HGEMM 2024-01-14 21:47:18 1573980:1573980 tester.h:121 profile] Mma-myKernel exit, profiling time: 24.497 ms (115.78%), throughput: 240.544 TFLOPS (86.37%)
[HGEMM 2024-01-14 21:47:18 1573980:1573980 main.cu:130 main] Done
