[HGEMM 2024-01-14 21:44:21 1573454:1573454 main.cu:56 main] CUDA HGEMM start with 32 CPU processes on the 0-th GPU: NVIDIA GeForce RTX 4090
[HGEMM 2024-01-14 21:44:21 1573454:1573454 main.cu:62 main] CUDA driver version / runtime version: 12.3 / 12.3
[HGEMM 2024-01-14 21:44:21 1573454:1573454 main.cu:64 main] CUDA capability major/minor version number: 8.9
[HGEMM 2024-01-14 21:44:21 1573454:1573454 main.cu:65 main] 128 multiprocessors, 128 CUDA cores/MP: 16384 CUDA cores
[HGEMM 2024-01-14 21:44:21 1573454:1573454 main.cu:68 main] GPU max clock rate: 2595 MHz (2.59 GHz)
[HGEMM 2024-01-14 21:44:21 1573454:1573454 main.cu:70 main] Memory clock rate: 10501 MHz (10.50 GHz)
[HGEMM 2024-01-14 21:44:21 1573454:1573454 main.cu:72 main] Memory bus width: 384-bit
[HGEMM 2024-01-14 21:44:21 1573454:1573454 main.cu:73 main] Total amount of global memory: 24184 MBytes (25358630912 Bytes)
[HGEMM 2024-01-14 21:44:21 1573454:1573454 main.cu:75 main] Total amount of constant memory: 64 KBytes (65536 Bytes)
[HGEMM 2024-01-14 21:44:21 1573454:1573454 main.cu:77 main] Total amount of shared memory per block: 48 KBytes (49152 Bytes)
[HGEMM 2024-01-14 21:44:21 1573454:1573454 main.cu:79 main] Total shared memory per multiprocessor: 100 KBytes (102400 Bytes)
[HGEMM 2024-01-14 21:44:21 1573454:1573454 main.cu:81 main] L2 cache size: 73728 KBytes (75497472 Bytes)
[HGEMM 2024-01-14 21:44:21 1573454:1573454 main.cu:83 main] Total number of registers available per block: 65536
[HGEMM 2024-01-14 21:44:21 1573454:1573454 main.cu:84 main] Warp size: 32
[HGEMM 2024-01-14 21:44:21 1573454:1573454 main.cu:85 main] Max number of threads per multiprocessor: 1536
[HGEMM 2024-01-14 21:44:21 1573454:1573454 main.cu:86 main] Max number of threads per block: 1024
[HGEMM 2024-01-14 21:44:21 1573454:1573454 main.cu:87 main] Max dimension size of a thread block (x,y,z): (1024, 1024, 64)
[HGEMM 2024-01-14 21:44:21 1573454:1573454 main.cu:89 main] Max dimension size of a grid size (x,y,z): (2147483647, 65535, 65535)
[HGEMM 2024-01-14 21:44:21 1573454:1573454 main.cu:92 main] A (1536 x 1536) * B (1536 x 1536) = C (1536 x 1536)
[HGEMM 2024-01-14 21:44:21 1573454:1573454 main.cu:93 main] Profiling: enable wmma: 1, enable mma: 1, warmup iterations: 1, profiling iterations: 10, sleep duration: 100 ms, enable check: 0
[HGEMM 2024-01-14 21:44:21 1573454:1573454 matrix.h:37 Matrix] Matrix A: 1536 * 1536, cpu: 0x7f2dc0101010, gpu: 0x7f2d92c00000
[HGEMM 2024-01-14 21:44:21 1573454:1573454 matrix.h:37 Matrix] Matrix B: 1536 * 1536, cpu: 0x7f2db4b5e010, gpu: 0x7f2d93200000
[HGEMM 2024-01-14 21:44:21 1573454:1573454 matrix.h:37 Matrix] Matrix C: 1536 * 1536, cpu: 0x7f2db46dd010, gpu: 0x7f2d93800000
[HGEMM 2024-01-14 21:44:21 1573454:1573454 matrix.h:37 Matrix] Matrix Base: 1536 * 1536, cpu: 0x7f2db425c010, gpu: 0x7f2d9e000000
[HGEMM 2024-01-14 21:44:21 1573454:1573454 tester.h:72 evaluate] ----------------- Evaluating Cublas-Tensor-Op -----------------
[HGEMM 2024-01-14 21:44:22 1573454:1573454 tester.h:82 evaluate] Warm up time: 25.294 ms
[HGEMM 2024-01-14 21:44:22 1573454:1573454 tester.h:121 profile] Cublas-Tensor-Op exit, profiling time: 0.044 ms (100.00%), throughput: 164.602 TFLOPS (100.00%)
[HGEMM 2024-01-14 21:44:22 1573454:1573454 tester.h:72 evaluate] ----------------- Evaluating Wmma-Padding -----------------
[HGEMM 2024-01-14 21:44:22 1573454:1573454 wmma_padding.cu:187 initWmmaPadding] smem_max_size: 68 KBytes (69632 Bytes)
[HGEMM 2024-01-14 21:44:22 1573454:1573454 tester.h:82 evaluate] Warm up time: 0.679 ms
[HGEMM 2024-01-14 21:44:22 1573454:1573454 tester.h:121 profile] Wmma-Padding exit, profiling time: 0.071 ms (162.33%), throughput: 101.402 TFLOPS (61.60%)
[HGEMM 2024-01-14 21:44:22 1573454:1573454 tester.h:72 evaluate] ----------------- Evaluating Wmma-Async -----------------
[HGEMM 2024-01-14 21:44:22 1573454:1573454 wmma_async.cu:198 initWmmaAsync] smem_max_size: 68 KBytes (69632 Bytes)
[HGEMM 2024-01-14 21:44:22 1573454:1573454 tester.h:82 evaluate] Warm up time: 0.679 ms
[HGEMM 2024-01-14 21:44:22 1573454:1573454 tester.h:121 profile] Wmma-Async exit, profiling time: 0.076 ms (172.09%), throughput: 95.647 TFLOPS (58.11%)
[HGEMM 2024-01-14 21:44:22 1573454:1573454 tester.h:72 evaluate] ----------------- Evaluating Wmma-Async-Pg2s -----------------
[HGEMM 2024-01-14 21:44:22 1573454:1573454 wmma_async_pg2s.cu:273 initWmmaAsyncPg2s] smem_max_size: 68 KBytes (69632 Bytes)
[HGEMM 2024-01-14 21:44:22 1573454:1573454 tester.h:82 evaluate] Warm up time: 0.600 ms
[HGEMM 2024-01-14 21:44:22 1573454:1573454 tester.h:121 profile] Wmma-Async-Pg2s exit, profiling time: 0.058 ms (131.63%), throughput: 125.051 TFLOPS (75.97%)
[HGEMM 2024-01-14 21:44:22 1573454:1573454 tester.h:72 evaluate] ----------------- Evaluating Wmma-Async-Pg2s-Ps2r -----------------
[HGEMM 2024-01-14 21:44:22 1573454:1573454 wmma_async_pg2s_ps2r.cu:337 initWmmaAsyncPg2sPs2r] smem_max_size: 68 KBytes (69632 Bytes)
[HGEMM 2024-01-14 21:44:22 1573454:1573454 tester.h:82 evaluate] Warm up time: 0.615 ms
[HGEMM 2024-01-14 21:44:22 1573454:1573454 tester.h:121 profile] Wmma-Async-Pg2s-Ps2r exit, profiling time: 0.058 ms (130.70%), throughput: 125.941 TFLOPS (76.51%)
[HGEMM 2024-01-14 21:44:22 1573454:1573454 tester.h:72 evaluate] ----------------- Evaluating Wmma-Async-Stage2 -----------------
[HGEMM 2024-01-14 21:44:22 1573454:1573454 wmma_async_stage2.cu:366 initWmmaAsyncStage2] smem_max_size: 68 KBytes (69632 Bytes)
[HGEMM 2024-01-14 21:44:22 1573454:1573454 tester.h:82 evaluate] Warm up time: 0.652 ms
[HGEMM 2024-01-14 21:44:22 1573454:1573454 tester.h:121 profile] Wmma-Async-Stage2 exit, profiling time: 0.051 ms (116.51%), throughput: 141.275 TFLOPS (85.83%)
[HGEMM 2024-01-14 21:44:22 1573454:1573454 tester.h:72 evaluate] ----------------- Evaluating Wmma-Async-Stage3 -----------------
[HGEMM 2024-01-14 21:44:22 1573454:1573454 wmma_async_stage3.cu:444 initWmmaAsyncStage3] smem_max_size: 90 KBytes (92160 Bytes)
[HGEMM 2024-01-14 21:44:22 1573454:1573454 tester.h:82 evaluate] Warm up time: 0.644 ms
[HGEMM 2024-01-14 21:44:22 1573454:1573454 tester.h:121 profile] Wmma-Async-Stage3 exit, profiling time: 0.045 ms (101.39%), throughput: 162.349 TFLOPS (98.63%)
[HGEMM 2024-01-14 21:44:22 1573454:1573454 tester.h:72 evaluate] ----------------- Evaluating Mma-Permuted -----------------
[HGEMM 2024-01-14 21:44:22 1573454:1573454 mma_permuted.cu:215 initMmaPermuted] smem_max_size: 64 KBytes (65536 Bytes)
[HGEMM 2024-01-14 21:44:22 1573454:1573454 tester.h:82 evaluate] Warm up time: 0.566 ms
[HGEMM 2024-01-14 21:44:22 1573454:1573454 tester.h:121 profile] Mma-Permuted exit, profiling time: 0.071 ms (160.23%), throughput: 102.727 TFLOPS (62.41%)
[HGEMM 2024-01-14 21:44:22 1573454:1573454 tester.h:72 evaluate] ----------------- Evaluating Mma-Async -----------------
[HGEMM 2024-01-14 21:44:22 1573454:1573454 mma_async.cu:224 initMmaAsync] smem_max_size: 64 KBytes (65536 Bytes)
[HGEMM 2024-01-14 21:44:22 1573454:1573454 tester.h:82 evaluate] Warm up time: 0.671 ms
[HGEMM 2024-01-14 21:44:22 1573454:1573454 tester.h:121 profile] Mma-Async exit, profiling time: 0.077 ms (175.58%), throughput: 93.747 TFLOPS (56.95%)
[HGEMM 2024-01-14 21:44:22 1573454:1573454 tester.h:72 evaluate] ----------------- Evaluating Mma-Async-Pg2s -----------------
[HGEMM 2024-01-14 21:44:22 1573454:1573454 mma_async_pg2s.cu:314 initMmaAsyncPg2s] smem_max_size: 64 KBytes (65536 Bytes)
[HGEMM 2024-01-14 21:44:22 1573454:1573454 tester.h:82 evaluate] Warm up time: 0.646 ms
[HGEMM 2024-01-14 21:44:22 1573454:1573454 tester.h:121 profile] Mma-Async-Pg2s exit, profiling time: 0.055 ms (125.35%), throughput: 131.315 TFLOPS (79.78%)
[HGEMM 2024-01-14 21:44:22 1573454:1573454 tester.h:72 evaluate] ----------------- Evaluating Mma-Async-Pg2s-Ps2r -----------------
[HGEMM 2024-01-14 21:44:23 1573454:1573454 mma_async_pg2s_ps2r.cu:403 initMmaAsyncPg2sPs2r] smem_max_size: 64 KBytes (65536 Bytes)
[HGEMM 2024-01-14 21:44:23 1573454:1573454 tester.h:82 evaluate] Warm up time: 0.629 ms
[HGEMM 2024-01-14 21:44:23 1573454:1573454 tester.h:121 profile] Mma-Async-Pg2s-Ps2r exit, profiling time: 0.055 ms (125.08%), throughput: 131.597 TFLOPS (79.95%)
[HGEMM 2024-01-14 21:44:23 1573454:1573454 tester.h:72 evaluate] ----------------- Evaluating Mma-Async-Stage2 -----------------
[HGEMM 2024-01-14 21:44:23 1573454:1573454 mma_async_stage2.cu:438 initMmaAsyncStage2] smem_max_size: 64 KBytes (65536 Bytes)
[HGEMM 2024-01-14 21:44:23 1573454:1573454 tester.h:82 evaluate] Warm up time: 0.613 ms
[HGEMM 2024-01-14 21:44:23 1573454:1573454 tester.h:121 profile] Mma-Async-Stage2 exit, profiling time: 0.053 ms (121.45%), throughput: 135.527 TFLOPS (82.34%)
[HGEMM 2024-01-14 21:44:23 1573454:1573454 tester.h:72 evaluate] ----------------- Evaluating Mma-Async-Stage3 -----------------
[HGEMM 2024-01-14 21:44:23 1573454:1573454 mma_async_stage3.cu:533 initMmaAsyncStage3] smem_max_size: 72 KBytes (73728 Bytes)
[HGEMM 2024-01-14 21:44:23 1573454:1573454 tester.h:82 evaluate] Warm up time: 0.621 ms
[HGEMM 2024-01-14 21:44:23 1573454:1573454 tester.h:121 profile] Mma-Async-Stage3 exit, profiling time: 0.044 ms (100.93%), throughput: 163.085 TFLOPS (99.08%)
[HGEMM 2024-01-14 21:44:23 1573454:1573454 tester.h:72 evaluate] ----------------- Evaluating Mma-Async-Stage4 -----------------
[HGEMM 2024-01-14 21:44:23 1573454:1573454 mma_async_stage4.cu:628 initMmaAsyncStage4] smem_max_size: 96 KBytes (98304 Bytes)
[HGEMM 2024-01-14 21:44:23 1573454:1573454 tester.h:82 evaluate] Warm up time: 0.654 ms
[HGEMM 2024-01-14 21:44:23 1573454:1573454 tester.h:121 profile] Mma-Async-Stage4 exit, profiling time: 0.044 ms (100.67%), throughput: 163.509 TFLOPS (99.34%)
[HGEMM 2024-01-14 21:44:23 1573454:1573454 tester.h:72 evaluate] ----------------- Evaluating Mma-myKernel -----------------
[HGEMM 2024-01-14 21:44:23 1573454:1573454 mma_mykernel.cu:550 initmyKernel] smem_max_size: 96 KBytes (98304 Bytes)
[HGEMM 2024-01-14 21:44:23 1573454:1573454 tester.h:82 evaluate] Warm up time: 0.617 ms
[HGEMM 2024-01-14 21:44:23 1573454:1573454 tester.h:121 profile] Mma-myKernel exit, profiling time: 0.045 ms (101.84%), throughput: 161.630 TFLOPS (98.19%)
[HGEMM 2024-01-14 21:44:23 1573454:1573454 main.cu:130 main] Done
