[HGEMM 2024-01-14 21:46:29 1573930:1573930 main.cu:56 main] CUDA HGEMM start with 32 CPU processes on the 0-th GPU: NVIDIA GeForce RTX 4090
[HGEMM 2024-01-14 21:46:29 1573930:1573930 main.cu:62 main] CUDA driver version / runtime version: 12.3 / 12.3
[HGEMM 2024-01-14 21:46:29 1573930:1573930 main.cu:64 main] CUDA capability major/minor version number: 8.9
[HGEMM 2024-01-14 21:46:29 1573930:1573930 main.cu:65 main] 128 multiprocessors, 128 CUDA cores/MP: 16384 CUDA cores
[HGEMM 2024-01-14 21:46:29 1573930:1573930 main.cu:68 main] GPU max clock rate: 2595 MHz (2.59 GHz)
[HGEMM 2024-01-14 21:46:29 1573930:1573930 main.cu:70 main] Memory clock rate: 10501 MHz (10.50 GHz)
[HGEMM 2024-01-14 21:46:29 1573930:1573930 main.cu:72 main] Memory bus width: 384-bit
[HGEMM 2024-01-14 21:46:29 1573930:1573930 main.cu:73 main] Total amount of global memory: 24184 MBytes (25358630912 Bytes)
[HGEMM 2024-01-14 21:46:29 1573930:1573930 main.cu:75 main] Total amount of constant memory: 64 KBytes (65536 Bytes)
[HGEMM 2024-01-14 21:46:29 1573930:1573930 main.cu:77 main] Total amount of shared memory per block: 48 KBytes (49152 Bytes)
[HGEMM 2024-01-14 21:46:29 1573930:1573930 main.cu:79 main] Total shared memory per multiprocessor: 100 KBytes (102400 Bytes)
[HGEMM 2024-01-14 21:46:29 1573930:1573930 main.cu:81 main] L2 cache size: 73728 KBytes (75497472 Bytes)
[HGEMM 2024-01-14 21:46:29 1573930:1573930 main.cu:83 main] Total number of registers available per block: 65536
[HGEMM 2024-01-14 21:46:29 1573930:1573930 main.cu:84 main] Warp size: 32
[HGEMM 2024-01-14 21:46:29 1573930:1573930 main.cu:85 main] Max number of threads per multiprocessor: 1536
[HGEMM 2024-01-14 21:46:29 1573930:1573930 main.cu:86 main] Max number of threads per block: 1024
[HGEMM 2024-01-14 21:46:29 1573930:1573930 main.cu:87 main] Max dimension size of a thread block (x,y,z): (1024, 1024, 64)
[HGEMM 2024-01-14 21:46:29 1573930:1573930 main.cu:89 main] Max dimension size of a grid size (x,y,z): (2147483647, 65535, 65535)
[HGEMM 2024-01-14 21:46:29 1573930:1573930 main.cu:92 main] A (13312 x 13312) * B (13312 x 13312) = C (13312 x 13312)
[HGEMM 2024-01-14 21:46:29 1573930:1573930 main.cu:93 main] Profiling: enable wmma: 1, enable mma: 1, warmup iterations: 1, profiling iterations: 10, sleep duration: 100 ms, enable check: 0
[HGEMM 2024-01-14 21:46:33 1573930:1573930 matrix.h:37 Matrix] Matrix A: 13312 * 13312, cpu: 0x7f2dc2dff010, gpu: 0x7f2dac000000
[HGEMM 2024-01-14 21:46:37 1573930:1573930 matrix.h:37 Matrix] Matrix B: 13312 * 13312, cpu: 0x7f2d96dff010, gpu: 0x7f2d80000000
[HGEMM 2024-01-14 21:46:41 1573930:1573930 matrix.h:37 Matrix] Matrix C: 13312 * 13312, cpu: 0x7f2d6adff010, gpu: 0x7f2d54000000
[HGEMM 2024-01-14 21:46:45 1573930:1573930 matrix.h:37 Matrix] Matrix Base: 13312 * 13312, cpu: 0x7f2d3edff010, gpu: 0x7f2d28000000
[HGEMM 2024-01-14 21:46:45 1573930:1573930 tester.h:72 evaluate] ----------------- Evaluating Cublas-Tensor-Op -----------------
[HGEMM 2024-01-14 21:46:45 1573930:1573930 tester.h:82 evaluate] Warm up time: 39.511 ms
[HGEMM 2024-01-14 21:46:45 1573930:1573930 tester.h:121 profile] Cublas-Tensor-Op exit, profiling time: 16.934 ms (100.00%), throughput: 278.616 TFLOPS (100.00%)
[HGEMM 2024-01-14 21:46:45 1573930:1573930 tester.h:72 evaluate] ----------------- Evaluating Wmma-Padding -----------------
[HGEMM 2024-01-14 21:46:45 1573930:1573930 wmma_padding.cu:187 initWmmaPadding] smem_max_size: 68 KBytes (69632 Bytes)
[HGEMM 2024-01-14 21:46:45 1573930:1573930 tester.h:82 evaluate] Warm up time: 29.424 ms
[HGEMM 2024-01-14 21:46:46 1573930:1573930 tester.h:121 profile] Wmma-Padding exit, profiling time: 29.368 ms (173.43%), throughput: 160.654 TFLOPS (57.66%)
[HGEMM 2024-01-14 21:46:46 1573930:1573930 tester.h:72 evaluate] ----------------- Evaluating Wmma-Async -----------------
[HGEMM 2024-01-14 21:46:46 1573930:1573930 wmma_async.cu:198 initWmmaAsync] smem_max_size: 68 KBytes (69632 Bytes)
[HGEMM 2024-01-14 21:46:46 1573930:1573930 tester.h:82 evaluate] Warm up time: 25.596 ms
[HGEMM 2024-01-14 21:46:46 1573930:1573930 tester.h:121 profile] Wmma-Async exit, profiling time: 26.162 ms (154.50%), throughput: 180.337 TFLOPS (64.73%)
[HGEMM 2024-01-14 21:46:46 1573930:1573930 tester.h:72 evaluate] ----------------- Evaluating Wmma-Async-Pg2s -----------------
[HGEMM 2024-01-14 21:46:46 1573930:1573930 wmma_async_pg2s.cu:273 initWmmaAsyncPg2s] smem_max_size: 68 KBytes (69632 Bytes)
[HGEMM 2024-01-14 21:46:46 1573930:1573930 tester.h:82 evaluate] Warm up time: 21.545 ms
[HGEMM 2024-01-14 21:46:47 1573930:1573930 tester.h:121 profile] Wmma-Async-Pg2s exit, profiling time: 22.433 ms (132.48%), throughput: 210.315 TFLOPS (75.49%)
[HGEMM 2024-01-14 21:46:47 1573930:1573930 tester.h:72 evaluate] ----------------- Evaluating Wmma-Async-Pg2s-Ps2r -----------------
[HGEMM 2024-01-14 21:46:47 1573930:1573930 wmma_async_pg2s_ps2r.cu:337 initWmmaAsyncPg2sPs2r] smem_max_size: 68 KBytes (69632 Bytes)
[HGEMM 2024-01-14 21:46:47 1573930:1573930 tester.h:82 evaluate] Warm up time: 21.579 ms
[HGEMM 2024-01-14 21:46:47 1573930:1573930 tester.h:121 profile] Wmma-Async-Pg2s-Ps2r exit, profiling time: 22.599 ms (133.46%), throughput: 208.770 TFLOPS (74.93%)
[HGEMM 2024-01-14 21:46:47 1573930:1573930 tester.h:72 evaluate] ----------------- Evaluating Wmma-Async-Stage2 -----------------
[HGEMM 2024-01-14 21:46:47 1573930:1573930 wmma_async_stage2.cu:366 initWmmaAsyncStage2] smem_max_size: 68 KBytes (69632 Bytes)
[HGEMM 2024-01-14 21:46:47 1573930:1573930 tester.h:82 evaluate] Warm up time: 21.782 ms
[HGEMM 2024-01-14 21:46:47 1573930:1573930 tester.h:121 profile] Wmma-Async-Stage2 exit, profiling time: 22.574 ms (133.31%), throughput: 209.001 TFLOPS (75.01%)
[HGEMM 2024-01-14 21:46:47 1573930:1573930 tester.h:72 evaluate] ----------------- Evaluating Wmma-Async-Stage3 -----------------
[HGEMM 2024-01-14 21:46:47 1573930:1573930 wmma_async_stage3.cu:444 initWmmaAsyncStage3] smem_max_size: 90 KBytes (92160 Bytes)
[HGEMM 2024-01-14 21:46:47 1573930:1573930 tester.h:82 evaluate] Warm up time: 21.147 ms
[HGEMM 2024-01-14 21:46:48 1573930:1573930 tester.h:121 profile] Wmma-Async-Stage3 exit, profiling time: 22.139 ms (130.74%), throughput: 213.108 TFLOPS (76.49%)
[HGEMM 2024-01-14 21:46:48 1573930:1573930 tester.h:72 evaluate] ----------------- Evaluating Mma-Permuted -----------------
[HGEMM 2024-01-14 21:46:48 1573930:1573930 mma_permuted.cu:215 initMmaPermuted] smem_max_size: 64 KBytes (65536 Bytes)
[HGEMM 2024-01-14 21:46:48 1573930:1573930 tester.h:82 evaluate] Warm up time: 29.139 ms
[HGEMM 2024-01-14 21:46:48 1573930:1573930 tester.h:121 profile] Mma-Permuted exit, profiling time: 29.045 ms (171.52%), throughput: 162.439 TFLOPS (58.30%)
[HGEMM 2024-01-14 21:46:48 1573930:1573930 tester.h:72 evaluate] ----------------- Evaluating Mma-Async -----------------
[HGEMM 2024-01-14 21:46:48 1573930:1573930 mma_async.cu:224 initMmaAsync] smem_max_size: 64 KBytes (65536 Bytes)
[HGEMM 2024-01-14 21:46:48 1573930:1573930 tester.h:82 evaluate] Warm up time: 26.171 ms
[HGEMM 2024-01-14 21:46:48 1573930:1573930 tester.h:121 profile] Mma-Async exit, profiling time: 26.525 ms (156.64%), throughput: 177.870 TFLOPS (63.84%)
[HGEMM 2024-01-14 21:46:48 1573930:1573930 tester.h:72 evaluate] ----------------- Evaluating Mma-Async-Pg2s -----------------
[HGEMM 2024-01-14 21:46:48 1573930:1573930 mma_async_pg2s.cu:314 initMmaAsyncPg2s] smem_max_size: 64 KBytes (65536 Bytes)
[HGEMM 2024-01-14 21:46:48 1573930:1573930 tester.h:82 evaluate] Warm up time: 19.828 ms
[HGEMM 2024-01-14 21:46:49 1573930:1573930 tester.h:121 profile] Mma-Async-Pg2s exit, profiling time: 21.102 ms (124.61%), throughput: 223.587 TFLOPS (80.25%)
[HGEMM 2024-01-14 21:46:49 1573930:1573930 tester.h:72 evaluate] ----------------- Evaluating Mma-Async-Pg2s-Ps2r -----------------
[HGEMM 2024-01-14 21:46:49 1573930:1573930 mma_async_pg2s_ps2r.cu:403 initMmaAsyncPg2sPs2r] smem_max_size: 64 KBytes (65536 Bytes)
[HGEMM 2024-01-14 21:46:49 1573930:1573930 tester.h:82 evaluate] Warm up time: 19.821 ms
[HGEMM 2024-01-14 21:46:49 1573930:1573930 tester.h:121 profile] Mma-Async-Pg2s-Ps2r exit, profiling time: 20.752 ms (122.55%), throughput: 227.348 TFLOPS (81.60%)
[HGEMM 2024-01-14 21:46:49 1573930:1573930 tester.h:72 evaluate] ----------------- Evaluating Mma-Async-Stage2 -----------------
[HGEMM 2024-01-14 21:46:49 1573930:1573930 mma_async_stage2.cu:438 initMmaAsyncStage2] smem_max_size: 64 KBytes (65536 Bytes)
[HGEMM 2024-01-14 21:46:49 1573930:1573930 tester.h:82 evaluate] Warm up time: 22.120 ms
[HGEMM 2024-01-14 21:46:49 1573930:1573930 tester.h:121 profile] Mma-Async-Stage2 exit, profiling time: 23.199 ms (137.00%), throughput: 203.368 TFLOPS (72.99%)
[HGEMM 2024-01-14 21:46:49 1573930:1573930 tester.h:72 evaluate] ----------------- Evaluating Mma-Async-Stage3 -----------------
[HGEMM 2024-01-14 21:46:49 1573930:1573930 mma_async_stage3.cu:533 initMmaAsyncStage3] smem_max_size: 72 KBytes (73728 Bytes)
[HGEMM 2024-01-14 21:46:50 1573930:1573930 tester.h:82 evaluate] Warm up time: 18.804 ms
[HGEMM 2024-01-14 21:46:50 1573930:1573930 tester.h:121 profile] Mma-Async-Stage3 exit, profiling time: 19.746 ms (116.61%), throughput: 238.934 TFLOPS (85.76%)
[HGEMM 2024-01-14 21:46:50 1573930:1573930 tester.h:72 evaluate] ----------------- Evaluating Mma-Async-Stage4 -----------------
[HGEMM 2024-01-14 21:46:50 1573930:1573930 mma_async_stage4.cu:628 initMmaAsyncStage4] smem_max_size: 96 KBytes (98304 Bytes)
[HGEMM 2024-01-14 21:46:50 1573930:1573930 tester.h:82 evaluate] Warm up time: 18.679 ms
[HGEMM 2024-01-14 21:46:50 1573930:1573930 tester.h:121 profile] Mma-Async-Stage4 exit, profiling time: 19.715 ms (116.43%), throughput: 239.305 TFLOPS (85.89%)
[HGEMM 2024-01-14 21:46:50 1573930:1573930 tester.h:72 evaluate] ----------------- Evaluating Mma-myKernel -----------------
[HGEMM 2024-01-14 21:46:50 1573930:1573930 mma_mykernel.cu:550 initmyKernel] smem_max_size: 96 KBytes (98304 Bytes)
[HGEMM 2024-01-14 21:46:50 1573930:1573930 tester.h:82 evaluate] Warm up time: 18.595 ms
[HGEMM 2024-01-14 21:46:50 1573930:1573930 tester.h:121 profile] Mma-myKernel exit, profiling time: 19.562 ms (115.52%), throughput: 241.187 TFLOPS (86.57%)
[HGEMM 2024-01-14 21:46:50 1573930:1573930 main.cu:130 main] Done
