[HGEMM 2024-01-14 21:44:12 1573395:1573395 main.cu:56 main] CUDA HGEMM start with 32 CPU processes on the 0-th GPU: NVIDIA GeForce RTX 4090
[HGEMM 2024-01-14 21:44:12 1573395:1573395 main.cu:62 main] CUDA driver version / runtime version: 12.3 / 12.3
[HGEMM 2024-01-14 21:44:12 1573395:1573395 main.cu:64 main] CUDA capability major/minor version number: 8.9
[HGEMM 2024-01-14 21:44:12 1573395:1573395 main.cu:65 main] 128 multiprocessors, 128 CUDA cores/MP: 16384 CUDA cores
[HGEMM 2024-01-14 21:44:12 1573395:1573395 main.cu:68 main] GPU max clock rate: 2595 MHz (2.59 GHz)
[HGEMM 2024-01-14 21:44:12 1573395:1573395 main.cu:70 main] Memory clock rate: 10501 MHz (10.50 GHz)
[HGEMM 2024-01-14 21:44:12 1573395:1573395 main.cu:72 main] Memory bus width: 384-bit
[HGEMM 2024-01-14 21:44:12 1573395:1573395 main.cu:73 main] Total amount of global memory: 24184 MBytes (25358630912 Bytes)
[HGEMM 2024-01-14 21:44:12 1573395:1573395 main.cu:75 main] Total amount of constant memory: 64 KBytes (65536 Bytes)
[HGEMM 2024-01-14 21:44:12 1573395:1573395 main.cu:77 main] Total amount of shared memory per block: 48 KBytes (49152 Bytes)
[HGEMM 2024-01-14 21:44:12 1573395:1573395 main.cu:79 main] Total shared memory per multiprocessor: 100 KBytes (102400 Bytes)
[HGEMM 2024-01-14 21:44:12 1573395:1573395 main.cu:81 main] L2 cache size: 73728 KBytes (75497472 Bytes)
[HGEMM 2024-01-14 21:44:12 1573395:1573395 main.cu:83 main] Total number of registers available per block: 65536
[HGEMM 2024-01-14 21:44:12 1573395:1573395 main.cu:84 main] Warp size: 32
[HGEMM 2024-01-14 21:44:12 1573395:1573395 main.cu:85 main] Max number of threads per multiprocessor: 1536
[HGEMM 2024-01-14 21:44:12 1573395:1573395 main.cu:86 main] Max number of threads per block: 1024
[HGEMM 2024-01-14 21:44:12 1573395:1573395 main.cu:87 main] Max dimension size of a thread block (x,y,z): (1024, 1024, 64)
[HGEMM 2024-01-14 21:44:12 1573395:1573395 main.cu:89 main] Max dimension size of a grid size (x,y,z): (2147483647, 65535, 65535)
[HGEMM 2024-01-14 21:44:12 1573395:1573395 main.cu:92 main] A (768 x 768) * B (768 x 768) = C (768 x 768)
[HGEMM 2024-01-14 21:44:12 1573395:1573395 main.cu:93 main] Profiling: enable wmma: 1, enable mma: 1, warmup iterations: 1, profiling iterations: 10, sleep duration: 100 ms, enable check: 0
[HGEMM 2024-01-14 21:44:12 1573395:1573395 matrix.h:37 Matrix] Matrix A: 768 * 768, cpu: 0x563b49b2f5a0, gpu: 0x7f989ac00000
[HGEMM 2024-01-14 21:44:12 1573395:1573395 matrix.h:37 Matrix] Matrix B: 768 * 768, cpu: 0x563b49c4f5b0, gpu: 0x7f989ae00000
[HGEMM 2024-01-14 21:44:12 1573395:1573395 matrix.h:37 Matrix] Matrix C: 768 * 768, cpu: 0x563b49d70260, gpu: 0x7f989b000000
[HGEMM 2024-01-14 21:44:12 1573395:1573395 matrix.h:37 Matrix] Matrix Base: 768 * 768, cpu: 0x563b49e90fd0, gpu: 0x7f989b200000
[HGEMM 2024-01-14 21:44:12 1573395:1573395 tester.h:72 evaluate] ----------------- Evaluating Cublas-Tensor-Op -----------------
[HGEMM 2024-01-14 21:44:12 1573395:1573395 tester.h:82 evaluate] Warm up time: 25.432 ms
[HGEMM 2024-01-14 21:44:12 1573395:1573395 tester.h:121 profile] Cublas-Tensor-Op exit, profiling time: 0.010 ms (100.00%), throughput: 92.461 TFLOPS (100.00%)
[HGEMM 2024-01-14 21:44:12 1573395:1573395 tester.h:72 evaluate] ----------------- Evaluating Wmma-Padding -----------------
[HGEMM 2024-01-14 21:44:12 1573395:1573395 wmma_padding.cu:187 initWmmaPadding] smem_max_size: 68 KBytes (69632 Bytes)
[HGEMM 2024-01-14 21:44:12 1573395:1573395 tester.h:82 evaluate] Warm up time: 0.580 ms
[HGEMM 2024-01-14 21:44:12 1573395:1573395 tester.h:121 profile] Wmma-Padding exit, profiling time: 0.036 ms (372.04%), throughput: 24.852 TFLOPS (26.88%)
[HGEMM 2024-01-14 21:44:12 1573395:1573395 tester.h:72 evaluate] ----------------- Evaluating Wmma-Async -----------------
[HGEMM 2024-01-14 21:44:12 1573395:1573395 wmma_async.cu:198 initWmmaAsync] smem_max_size: 68 KBytes (69632 Bytes)
[HGEMM 2024-01-14 21:44:12 1573395:1573395 tester.h:82 evaluate] Warm up time: 0.343 ms
[HGEMM 2024-01-14 21:44:12 1573395:1573395 tester.h:121 profile] Wmma-Async exit, profiling time: 0.037 ms (382.50%), throughput: 24.173 TFLOPS (26.14%)
[HGEMM 2024-01-14 21:44:12 1573395:1573395 tester.h:72 evaluate] ----------------- Evaluating Wmma-Async-Pg2s -----------------
[HGEMM 2024-01-14 21:44:12 1573395:1573395 wmma_async_pg2s.cu:273 initWmmaAsyncPg2s] smem_max_size: 68 KBytes (69632 Bytes)
[HGEMM 2024-01-14 21:44:12 1573395:1573395 tester.h:82 evaluate] Warm up time: 0.612 ms
[HGEMM 2024-01-14 21:44:12 1573395:1573395 tester.h:121 profile] Wmma-Async-Pg2s exit, profiling time: 0.029 ms (299.93%), throughput: 30.827 TFLOPS (33.34%)
[HGEMM 2024-01-14 21:44:12 1573395:1573395 tester.h:72 evaluate] ----------------- Evaluating Wmma-Async-Pg2s-Ps2r -----------------
[HGEMM 2024-01-14 21:44:12 1573395:1573395 wmma_async_pg2s_ps2r.cu:337 initWmmaAsyncPg2sPs2r] smem_max_size: 68 KBytes (69632 Bytes)
[HGEMM 2024-01-14 21:44:12 1573395:1573395 tester.h:82 evaluate] Warm up time: 0.560 ms
[HGEMM 2024-01-14 21:44:12 1573395:1573395 tester.h:121 profile] Wmma-Async-Pg2s-Ps2r exit, profiling time: 0.029 ms (298.24%), throughput: 31.003 TFLOPS (33.53%)
[HGEMM 2024-01-14 21:44:12 1573395:1573395 tester.h:72 evaluate] ----------------- Evaluating Wmma-Async-Stage2 -----------------
[HGEMM 2024-01-14 21:44:12 1573395:1573395 wmma_async_stage2.cu:366 initWmmaAsyncStage2] smem_max_size: 68 KBytes (69632 Bytes)
[HGEMM 2024-01-14 21:44:12 1573395:1573395 tester.h:82 evaluate] Warm up time: 0.540 ms
[HGEMM 2024-01-14 21:44:12 1573395:1573395 tester.h:121 profile] Wmma-Async-Stage2 exit, profiling time: 0.027 ms (273.81%), throughput: 33.769 TFLOPS (36.52%)
[HGEMM 2024-01-14 21:44:12 1573395:1573395 tester.h:72 evaluate] ----------------- Evaluating Wmma-Async-Stage3 -----------------
[HGEMM 2024-01-14 21:44:12 1573395:1573395 wmma_async_stage3.cu:444 initWmmaAsyncStage3] smem_max_size: 90 KBytes (92160 Bytes)
[HGEMM 2024-01-14 21:44:12 1573395:1573395 tester.h:82 evaluate] Warm up time: 0.598 ms
[HGEMM 2024-01-14 21:44:12 1573395:1573395 tester.h:121 profile] Wmma-Async-Stage3 exit, profiling time: 0.024 ms (241.41%), throughput: 38.300 TFLOPS (41.42%)
[HGEMM 2024-01-14 21:44:12 1573395:1573395 tester.h:72 evaluate] ----------------- Evaluating Mma-Permuted -----------------
[HGEMM 2024-01-14 21:44:13 1573395:1573395 mma_permuted.cu:215 initMmaPermuted] smem_max_size: 64 KBytes (65536 Bytes)
[HGEMM 2024-01-14 21:44:13 1573395:1573395 tester.h:82 evaluate] Warm up time: 0.573 ms
[HGEMM 2024-01-14 21:44:13 1573395:1573395 tester.h:121 profile] Mma-Permuted exit, profiling time: 0.036 ms (368.68%), throughput: 25.079 TFLOPS (27.12%)
[HGEMM 2024-01-14 21:44:13 1573395:1573395 tester.h:72 evaluate] ----------------- Evaluating Mma-Async -----------------
[HGEMM 2024-01-14 21:44:13 1573395:1573395 mma_async.cu:224 initMmaAsync] smem_max_size: 64 KBytes (65536 Bytes)
[HGEMM 2024-01-14 21:44:13 1573395:1573395 tester.h:82 evaluate] Warm up time: 0.550 ms
[HGEMM 2024-01-14 21:44:13 1573395:1573395 tester.h:121 profile] Mma-Async exit, profiling time: 0.039 ms (396.21%), throughput: 23.336 TFLOPS (25.24%)
[HGEMM 2024-01-14 21:44:13 1573395:1573395 tester.h:72 evaluate] ----------------- Evaluating Mma-Async-Pg2s -----------------
[HGEMM 2024-01-14 21:44:13 1573395:1573395 mma_async_pg2s.cu:314 initMmaAsyncPg2s] smem_max_size: 64 KBytes (65536 Bytes)
[HGEMM 2024-01-14 21:44:13 1573395:1573395 tester.h:82 evaluate] Warm up time: 0.582 ms
[HGEMM 2024-01-14 21:44:13 1573395:1573395 tester.h:121 profile] Mma-Async-Pg2s exit, profiling time: 0.028 ms (287.39%), throughput: 32.172 TFLOPS (34.80%)
[HGEMM 2024-01-14 21:44:13 1573395:1573395 tester.h:72 evaluate] ----------------- Evaluating Mma-Async-Pg2s-Ps2r -----------------
[HGEMM 2024-01-14 21:44:13 1573395:1573395 mma_async_pg2s_ps2r.cu:403 initMmaAsyncPg2sPs2r] smem_max_size: 64 KBytes (65536 Bytes)
[HGEMM 2024-01-14 21:44:13 1573395:1573395 tester.h:82 evaluate] Warm up time: 0.553 ms
[HGEMM 2024-01-14 21:44:13 1573395:1573395 tester.h:121 profile] Mma-Async-Pg2s-Ps2r exit, profiling time: 0.028 ms (286.35%), throughput: 32.290 TFLOPS (34.92%)
[HGEMM 2024-01-14 21:44:13 1573395:1573395 tester.h:72 evaluate] ----------------- Evaluating Mma-Async-Stage2 -----------------
[HGEMM 2024-01-14 21:44:13 1573395:1573395 mma_async_stage2.cu:438 initMmaAsyncStage2] smem_max_size: 64 KBytes (65536 Bytes)
[HGEMM 2024-01-14 21:44:13 1573395:1573395 tester.h:82 evaluate] Warm up time: 0.602 ms
[HGEMM 2024-01-14 21:44:13 1573395:1573395 tester.h:121 profile] Mma-Async-Stage2 exit, profiling time: 0.027 ms (280.05%), throughput: 33.016 TFLOPS (35.71%)
[HGEMM 2024-01-14 21:44:13 1573395:1573395 tester.h:72 evaluate] ----------------- Evaluating Mma-Async-Stage3 -----------------
[HGEMM 2024-01-14 21:44:13 1573395:1573395 mma_async_stage3.cu:533 initMmaAsyncStage3] smem_max_size: 72 KBytes (73728 Bytes)
[HGEMM 2024-01-14 21:44:13 1573395:1573395 tester.h:82 evaluate] Warm up time: 0.608 ms
[HGEMM 2024-01-14 21:44:13 1573395:1573395 tester.h:121 profile] Mma-Async-Stage3 exit, profiling time: 0.024 ms (242.13%), throughput: 38.187 TFLOPS (41.30%)
[HGEMM 2024-01-14 21:44:13 1573395:1573395 tester.h:72 evaluate] ----------------- Evaluating Mma-Async-Stage4 -----------------
[HGEMM 2024-01-14 21:44:13 1573395:1573395 mma_async_stage4.cu:628 initMmaAsyncStage4] smem_max_size: 96 KBytes (98304 Bytes)
[HGEMM 2024-01-14 21:44:13 1573395:1573395 tester.h:82 evaluate] Warm up time: 0.647 ms
[HGEMM 2024-01-14 21:44:13 1573395:1573395 tester.h:121 profile] Mma-Async-Stage4 exit, profiling time: 0.024 ms (240.37%), throughput: 38.467 TFLOPS (41.60%)
[HGEMM 2024-01-14 21:44:13 1573395:1573395 tester.h:72 evaluate] ----------------- Evaluating Mma-myKernel -----------------
[HGEMM 2024-01-14 21:44:13 1573395:1573395 mma_mykernel.cu:550 initmyKernel] smem_max_size: 96 KBytes (98304 Bytes)
[HGEMM 2024-01-14 21:44:13 1573395:1573395 tester.h:82 evaluate] Warm up time: 0.644 ms
[HGEMM 2024-01-14 21:44:13 1573395:1573395 tester.h:121 profile] Mma-myKernel exit, profiling time: 0.024 ms (243.50%), throughput: 37.972 TFLOPS (41.07%)
[HGEMM 2024-01-14 21:44:13 1573395:1573395 main.cu:130 main] Done
