[HGEMM 2024-01-14 21:44:37 1573572:1573572 main.cu:56 main] CUDA HGEMM start with 32 CPU processes on the 0-th GPU: NVIDIA GeForce RTX 4090
[HGEMM 2024-01-14 21:44:37 1573572:1573572 main.cu:62 main] CUDA driver version / runtime version: 12.3 / 12.3
[HGEMM 2024-01-14 21:44:37 1573572:1573572 main.cu:64 main] CUDA capability major/minor version number: 8.9
[HGEMM 2024-01-14 21:44:37 1573572:1573572 main.cu:65 main] 128 multiprocessors, 128 CUDA cores/MP: 16384 CUDA cores
[HGEMM 2024-01-14 21:44:37 1573572:1573572 main.cu:68 main] GPU max clock rate: 2595 MHz (2.59 GHz)
[HGEMM 2024-01-14 21:44:37 1573572:1573572 main.cu:70 main] Memory clock rate: 10501 MHz (10.50 GHz)
[HGEMM 2024-01-14 21:44:37 1573572:1573572 main.cu:72 main] Memory bus width: 384-bit
[HGEMM 2024-01-14 21:44:37 1573572:1573572 main.cu:73 main] Total amount of global memory: 24184 MBytes (25358630912 Bytes)
[HGEMM 2024-01-14 21:44:37 1573572:1573572 main.cu:75 main] Total amount of constant memory: 64 KBytes (65536 Bytes)
[HGEMM 2024-01-14 21:44:37 1573572:1573572 main.cu:77 main] Total amount of shared memory per block: 48 KBytes (49152 Bytes)
[HGEMM 2024-01-14 21:44:37 1573572:1573572 main.cu:79 main] Total shared memory per multiprocessor: 100 KBytes (102400 Bytes)
[HGEMM 2024-01-14 21:44:37 1573572:1573572 main.cu:81 main] L2 cache size: 73728 KBytes (75497472 Bytes)
[HGEMM 2024-01-14 21:44:37 1573572:1573572 main.cu:83 main] Total number of registers available per block: 65536
[HGEMM 2024-01-14 21:44:37 1573572:1573572 main.cu:84 main] Warp size: 32
[HGEMM 2024-01-14 21:44:37 1573572:1573572 main.cu:85 main] Max number of threads per multiprocessor: 1536
[HGEMM 2024-01-14 21:44:37 1573572:1573572 main.cu:86 main] Max number of threads per block: 1024
[HGEMM 2024-01-14 21:44:37 1573572:1573572 main.cu:87 main] Max dimension size of a thread block (x,y,z): (1024, 1024, 64)
[HGEMM 2024-01-14 21:44:37 1573572:1573572 main.cu:89 main] Max dimension size of a grid size (x,y,z): (2147483647, 65535, 65535)
[HGEMM 2024-01-14 21:44:37 1573572:1573572 main.cu:92 main] A (4096 x 4096) * B (4096 x 4096) = C (4096 x 4096)
[HGEMM 2024-01-14 21:44:37 1573572:1573572 main.cu:93 main] Profiling: enable wmma: 1, enable mma: 1, warmup iterations: 1, profiling iterations: 10, sleep duration: 100 ms, enable check: 0
[HGEMM 2024-01-14 21:44:37 1573572:1573572 matrix.h:37 Matrix] Matrix A: 4096 * 4096, cpu: 0x7f4ca1fff010, gpu: 0x7f4c8e000000
[HGEMM 2024-01-14 21:44:37 1573572:1573572 matrix.h:37 Matrix] Matrix B: 4096 * 4096, cpu: 0x7f4c6dfff010, gpu: 0x7f4c6a000000
[HGEMM 2024-01-14 21:44:38 1573572:1573572 matrix.h:37 Matrix] Matrix C: 4096 * 4096, cpu: 0x7f4c67fff010, gpu: 0x7f4c64000000
[HGEMM 2024-01-14 21:44:38 1573572:1573572 matrix.h:37 Matrix] Matrix Base: 4096 * 4096, cpu: 0x7f4c61fff010, gpu: 0x7f4c5e000000
[HGEMM 2024-01-14 21:44:38 1573572:1573572 tester.h:72 evaluate] ----------------- Evaluating Cublas-Tensor-Op -----------------
[HGEMM 2024-01-14 21:44:38 1573572:1573572 tester.h:82 evaluate] Warm up time: 26.088 ms
[HGEMM 2024-01-14 21:44:38 1573572:1573572 tester.h:121 profile] Cublas-Tensor-Op exit, profiling time: 0.514 ms (100.00%), throughput: 267.473 TFLOPS (100.00%)
[HGEMM 2024-01-14 21:44:38 1573572:1573572 tester.h:72 evaluate] ----------------- Evaluating Wmma-Padding -----------------
[HGEMM 2024-01-14 21:44:38 1573572:1573572 wmma_padding.cu:187 initWmmaPadding] smem_max_size: 68 KBytes (69632 Bytes)
[HGEMM 2024-01-14 21:44:38 1573572:1573572 tester.h:82 evaluate] Warm up time: 1.249 ms
[HGEMM 2024-01-14 21:44:38 1573572:1573572 tester.h:121 profile] Wmma-Padding exit, profiling time: 0.798 ms (155.26%), throughput: 172.273 TFLOPS (64.41%)
[HGEMM 2024-01-14 21:44:38 1573572:1573572 tester.h:72 evaluate] ----------------- Evaluating Wmma-Async -----------------
[HGEMM 2024-01-14 21:44:38 1573572:1573572 wmma_async.cu:198 initWmmaAsync] smem_max_size: 68 KBytes (69632 Bytes)
[HGEMM 2024-01-14 21:44:38 1573572:1573572 tester.h:82 evaluate] Warm up time: 1.336 ms
[HGEMM 2024-01-14 21:44:38 1573572:1573572 tester.h:121 profile] Wmma-Async exit, profiling time: 0.791 ms (154.02%), throughput: 173.655 TFLOPS (64.92%)
[HGEMM 2024-01-14 21:44:38 1573572:1573572 tester.h:72 evaluate] ----------------- Evaluating Wmma-Async-Pg2s -----------------
[HGEMM 2024-01-14 21:44:39 1573572:1573572 wmma_async_pg2s.cu:273 initWmmaAsyncPg2s] smem_max_size: 68 KBytes (69632 Bytes)
[HGEMM 2024-01-14 21:44:39 1573572:1573572 tester.h:82 evaluate] Warm up time: 1.147 ms
[HGEMM 2024-01-14 21:44:39 1573572:1573572 tester.h:121 profile] Wmma-Async-Pg2s exit, profiling time: 0.665 ms (129.39%), throughput: 206.711 TFLOPS (77.28%)
[HGEMM 2024-01-14 21:44:39 1573572:1573572 tester.h:72 evaluate] ----------------- Evaluating Wmma-Async-Pg2s-Ps2r -----------------
[HGEMM 2024-01-14 21:44:39 1573572:1573572 wmma_async_pg2s_ps2r.cu:337 initWmmaAsyncPg2sPs2r] smem_max_size: 68 KBytes (69632 Bytes)
[HGEMM 2024-01-14 21:44:39 1573572:1573572 tester.h:82 evaluate] Warm up time: 1.093 ms
[HGEMM 2024-01-14 21:44:39 1573572:1573572 tester.h:121 profile] Wmma-Async-Pg2s-Ps2r exit, profiling time: 0.664 ms (129.24%), throughput: 206.965 TFLOPS (77.38%)
[HGEMM 2024-01-14 21:44:39 1573572:1573572 tester.h:72 evaluate] ----------------- Evaluating Wmma-Async-Stage2 -----------------
[HGEMM 2024-01-14 21:44:39 1573572:1573572 wmma_async_stage2.cu:366 initWmmaAsyncStage2] smem_max_size: 68 KBytes (69632 Bytes)
[HGEMM 2024-01-14 21:44:39 1573572:1573572 tester.h:82 evaluate] Warm up time: 1.186 ms
[HGEMM 2024-01-14 21:44:39 1573572:1573572 tester.h:121 profile] Wmma-Async-Stage2 exit, profiling time: 0.668 ms (129.95%), throughput: 205.824 TFLOPS (76.95%)
[HGEMM 2024-01-14 21:44:39 1573572:1573572 tester.h:72 evaluate] ----------------- Evaluating Wmma-Async-Stage3 -----------------
[HGEMM 2024-01-14 21:44:39 1573572:1573572 wmma_async_stage3.cu:444 initWmmaAsyncStage3] smem_max_size: 90 KBytes (92160 Bytes)
[HGEMM 2024-01-14 21:44:39 1573572:1573572 tester.h:82 evaluate] Warm up time: 1.200 ms
[HGEMM 2024-01-14 21:44:39 1573572:1573572 tester.h:121 profile] Wmma-Async-Stage3 exit, profiling time: 0.647 ms (125.87%), throughput: 212.504 TFLOPS (79.45%)
[HGEMM 2024-01-14 21:44:39 1573572:1573572 tester.h:72 evaluate] ----------------- Evaluating Mma-Permuted -----------------
[HGEMM 2024-01-14 21:44:39 1573572:1573572 mma_permuted.cu:215 initMmaPermuted] smem_max_size: 64 KBytes (65536 Bytes)
[HGEMM 2024-01-14 21:44:39 1573572:1573572 tester.h:82 evaluate] Warm up time: 1.412 ms
[HGEMM 2024-01-14 21:44:39 1573572:1573572 tester.h:121 profile] Mma-Permuted exit, profiling time: 0.823 ms (160.16%), throughput: 167.001 TFLOPS (62.44%)
[HGEMM 2024-01-14 21:44:39 1573572:1573572 tester.h:72 evaluate] ----------------- Evaluating Mma-Async -----------------
[HGEMM 2024-01-14 21:44:39 1573572:1573572 mma_async.cu:224 initMmaAsync] smem_max_size: 64 KBytes (65536 Bytes)
[HGEMM 2024-01-14 21:44:39 1573572:1573572 tester.h:82 evaluate] Warm up time: 1.337 ms
[HGEMM 2024-01-14 21:44:39 1573572:1573572 tester.h:121 profile] Mma-Async exit, profiling time: 0.804 ms (156.54%), throughput: 170.868 TFLOPS (63.88%)
[HGEMM 2024-01-14 21:44:39 1573572:1573572 tester.h:72 evaluate] ----------------- Evaluating Mma-Async-Pg2s -----------------
[HGEMM 2024-01-14 21:44:39 1573572:1573572 mma_async_pg2s.cu:314 initMmaAsyncPg2s] smem_max_size: 64 KBytes (65536 Bytes)
[HGEMM 2024-01-14 21:44:39 1573572:1573572 tester.h:82 evaluate] Warm up time: 1.182 ms
[HGEMM 2024-01-14 21:44:39 1573572:1573572 tester.h:121 profile] Mma-Async-Pg2s exit, profiling time: 0.598 ms (116.34%), throughput: 229.904 TFLOPS (85.95%)
[HGEMM 2024-01-14 21:44:39 1573572:1573572 tester.h:72 evaluate] ----------------- Evaluating Mma-Async-Pg2s-Ps2r -----------------
[HGEMM 2024-01-14 21:44:39 1573572:1573572 mma_async_pg2s_ps2r.cu:403 initMmaAsyncPg2sPs2r] smem_max_size: 64 KBytes (65536 Bytes)
[HGEMM 2024-01-14 21:44:39 1573572:1573572 tester.h:82 evaluate] Warm up time: 1.128 ms
[HGEMM 2024-01-14 21:44:39 1573572:1573572 tester.h:121 profile] Mma-Async-Pg2s-Ps2r exit, profiling time: 0.592 ms (115.19%), throughput: 232.211 TFLOPS (86.82%)
[HGEMM 2024-01-14 21:44:39 1573572:1573572 tester.h:72 evaluate] ----------------- Evaluating Mma-Async-Stage2 -----------------
[HGEMM 2024-01-14 21:44:39 1573572:1573572 mma_async_stage2.cu:438 initMmaAsyncStage2] smem_max_size: 64 KBytes (65536 Bytes)
[HGEMM 2024-01-14 21:44:39 1573572:1573572 tester.h:82 evaluate] Warm up time: 1.208 ms
[HGEMM 2024-01-14 21:44:39 1573572:1573572 tester.h:121 profile] Mma-Async-Stage2 exit, profiling time: 0.659 ms (128.18%), throughput: 208.672 TFLOPS (78.02%)
[HGEMM 2024-01-14 21:44:39 1573572:1573572 tester.h:72 evaluate] ----------------- Evaluating Mma-Async-Stage3 -----------------
[HGEMM 2024-01-14 21:44:40 1573572:1573572 mma_async_stage3.cu:533 initMmaAsyncStage3] smem_max_size: 72 KBytes (73728 Bytes)
[HGEMM 2024-01-14 21:44:40 1573572:1573572 tester.h:82 evaluate] Warm up time: 1.073 ms
[HGEMM 2024-01-14 21:44:40 1573572:1573572 tester.h:121 profile] Mma-Async-Stage3 exit, profiling time: 0.545 ms (106.16%), throughput: 251.957 TFLOPS (94.20%)
[HGEMM 2024-01-14 21:44:40 1573572:1573572 tester.h:72 evaluate] ----------------- Evaluating Mma-Async-Stage4 -----------------
[HGEMM 2024-01-14 21:44:40 1573572:1573572 mma_async_stage4.cu:628 initMmaAsyncStage4] smem_max_size: 96 KBytes (98304 Bytes)
[HGEMM 2024-01-14 21:44:40 1573572:1573572 tester.h:82 evaluate] Warm up time: 1.168 ms
[HGEMM 2024-01-14 21:44:40 1573572:1573572 tester.h:121 profile] Mma-Async-Stage4 exit, profiling time: 0.555 ms (108.01%), throughput: 247.643 TFLOPS (92.59%)
[HGEMM 2024-01-14 21:44:40 1573572:1573572 tester.h:72 evaluate] ----------------- Evaluating Mma-myKernel -----------------
[HGEMM 2024-01-14 21:44:40 1573572:1573572 mma_mykernel.cu:550 initmyKernel] smem_max_size: 96 KBytes (98304 Bytes)
[HGEMM 2024-01-14 21:44:40 1573572:1573572 tester.h:82 evaluate] Warm up time: 1.121 ms
[HGEMM 2024-01-14 21:44:40 1573572:1573572 tester.h:121 profile] Mma-myKernel exit, profiling time: 0.555 ms (107.93%), throughput: 247.830 TFLOPS (92.66%)
[HGEMM 2024-01-14 21:44:40 1573572:1573572 main.cu:130 main] Done
